========================================
OpenClaw 网站每日巡检维护
日期: 2026-02-25 09:00:01
执行者: claw-admin (自动化)
========================================
[0;32m[INFO][0m 检查 1/10: 网站服务状态
[0;32m[INFO][0m ✅ 网站服务运行正常 (端口 3000)
[0;32m[INFO][0m 检查 2/10: 关键页面访问
[0;31m[ERROR][0m ❌ http://localhost:3000/ - HTTP 500
[0;32m[INFO][0m ✅ http://localhost:3000/docs - OK
[0;32m[INFO][0m ✅ http://localhost:3000/blog - OK
[0;32m[INFO][0m ✅ http://localhost:3000/about - OK
[0;32m[INFO][0m ✅ http://localhost:3000/docs/quickstart - OK
[0;32m[INFO][0m ✅ http://localhost:3000/docs/install - OK
[1;33m[WARN][0m 发现 1 个页面异常
[0;32m[INFO][0m 检查 3/10: 网站构建测试
[0;31m[ERROR][0m ❌ 网站构建失败
[0;31m[ERROR][0m 构建日志: /tmp/build-test.log
[0;32m[INFO][0m 检查 4/10: Git 仓库状态
[0;32m[INFO][0m ✅ Git 仓库干净，无未提交更改
[0;32m[INFO][0m 检查 5/10: 依赖安全更新
[1;33m[WARN][0m 发现 0
0 个高危漏洞
[1;33m[WARN][0m 请手动运行: npm audit fix
[0;32m[INFO][0m 检查 6/10: 日志文件清理
[0;32m[INFO][0m ✅ 日志清理完成
[0;32m[INFO][0m 检查 7/10: 磁盘空间检查
[0;32m[INFO][0m ✅ 磁盘使用率 2%，正常
[0;32m[INFO][0m 检查 8/10: 内容更新检查
[1;33m[WARN][0m 发现        1 篇新文章待发布
[1;33m[WARN][0m 请手动执行发布流程
[0;32m[INFO][0m 检查 9/10: 生成巡检报告
[0;32m[INFO][0m ✅ 报告已生成: /Users/openmilo/clawall/claw-team/claw-admin/logs/summary-2026-02-25.md
[0;32m[INFO][0m 检查 10/10: 发送巡检通知
[0;31m[ERROR][0m ⚠️  巡检完成，发现异常需要处理
========================================
巡检维护完成时间: 09:00:03
========================================
========================================
OpenClaw 网站每日巡检维护
日期: 2026-02-26 11:00:01
执行者: claw-admin (自动化)
========================================
[0;32m[INFO][0m 检查 1/10: 网站服务状态
[0;31m[ERROR][0m ❌ 网站服务未运行，尝试重启...
[0;31m[ERROR][0m ❌ 网站服务重启失败，需要人工介入
[0;32m[INFO][0m 检查 2/10: 关键页面访问
[0;31m[ERROR][0m ❌ http://localhost:3000/ - HTTP 000
[0;31m[ERROR][0m ❌ http://localhost:3000/docs - HTTP 000
[0;31m[ERROR][0m ❌ http://localhost:3000/blog - HTTP 000
[0;31m[ERROR][0m ❌ http://localhost:3000/about - HTTP 000
[0;31m[ERROR][0m ❌ http://localhost:3000/docs/quickstart - HTTP 000
[0;31m[ERROR][0m ❌ http://localhost:3000/docs/install - HTTP 000
[1;33m[WARN][0m 发现 6 个页面异常
[0;32m[INFO][0m 检查 3/10: 网站构建测试
[0;31m[ERROR][0m ❌ 网站构建失败
[0;31m[ERROR][0m 构建日志: /tmp/build-test.log
[0;32m[INFO][0m 检查 4/10: Git 仓库状态
[1;33m[WARN][0m 发现       11 个未提交更改
[0;32m[INFO][0m 自动提交更改...
[main 11fc7690] auto: daily maintenance update 2026-02-26
 35 files changed, 8300 insertions(+)
 create mode 100644 dist/app-build-manifest.json
 create mode 100644 dist/build-manifest.json
 create mode 100644 dist/cache/webpack/client-development/1.pack.gz
 create mode 100644 dist/cache/webpack/client-development/index.pack.gz.old
 create mode 100644 dist/cache/webpack/server-development/0.pack.gz
 create mode 100644 dist/cache/webpack/server-development/index.pack.gz
 create mode 100644 dist/react-loadable-manifest.json
 create mode 100644 dist/server/_error.js
 create mode 100644 dist/server/app-paths-manifest.json
 create mode 100644 dist/server/app/docs/quickstart/page_client-reference-manifest.js
 create mode 100644 dist/server/app/page.js
 create mode 100644 dist/server/app/page_client-reference-manifest.js
 create mode 100644 dist/server/middleware-build-manifest.js
 create mode 100644 dist/server/middleware-react-loadable-manifest.js
 create mode 100644 dist/server/next-font-manifest.js
 create mode 100644 dist/server/next-font-manifest.json
 create mode 100644 dist/server/pages-manifest.json
 create mode 100644 dist/server/server-reference-manifest.js
 create mode 100644 dist/server/server-reference-manifest.json
 create mode 100644 dist/server/vendor-chunks/@swc.js
 create mode 100644 dist/server/vendor-chunks/lucide-react.js
 create mode 100644 dist/server/vendor-chunks/next.js
 create mode 100644 dist/server/webpack-runtime.js
 create mode 100644 dist/static/chunks/_error.js
 create mode 100644 dist/static/chunks/webpack.js
 create mode 100644 dist/static/development/_buildManifest.js
 create mode 100644 dist/static/development/_ssgManifest.js
 create mode 100644 dist/static/webpack/8257ef920273ccb8.webpack.hot-update.json
 create mode 100644 dist/static/webpack/webpack.8257ef920273ccb8.hot-update.js
 create mode 100644 dist/types/app/layout.ts
 create mode 100644 dist/types/app/page.ts
 create mode 100644 dist/types/cache-life.d.ts
 create mode 100644 dist/types/package.json
[0;32m[INFO][0m ✅ 自动提交成功
[0;32m[INFO][0m ✅ 自动推送成功
[0;32m[INFO][0m 检查 5/10: 依赖安全更新
[1;33m[WARN][0m 发现 0
0 个高危漏洞
[1;33m[WARN][0m 请手动运行: npm audit fix
[0;32m[INFO][0m 检查 6/10: 日志文件清理
[0;32m[INFO][0m ✅ 日志清理完成
[0;32m[INFO][0m 检查 7/10: 磁盘空间检查
[0;32m[INFO][0m ✅ 磁盘使用率 2%，正常
[0;32m[INFO][0m 检查 8/10: 内容更新检查
[0;32m[INFO][0m ✅ 无新文章待发布
[0;32m[INFO][0m 检查 9/10: 生成巡检报告
[0;32m[INFO][0m ✅ 报告已生成: /Users/openmilo/clawall/claw-team/claw-admin/logs/summary-2026-02-26.md
[0;32m[INFO][0m 检查 10/10: 发送巡检通知
[0;31m[ERROR][0m ⚠️  巡检完成，发现异常需要处理
========================================
巡检维护完成时间: 11:00:19
========================================
========================================
OpenClaw 网站每日巡检维护
日期: 2026-02-26 12:00:00
执行者: claw-admin (自动化)
========================================
[0;32m[INFO][0m 检查 1/10: 网站服务状态
[0;31m[ERROR][0m ❌ 网站服务未运行，尝试重启...
[0;31m[ERROR][0m ❌ 网站服务重启失败，需要人工介入
[0;32m[INFO][0m 检查 2/10: 关键页面访问
[0;31m[ERROR][0m ❌ http://localhost:3000/ - HTTP 000
[0;31m[ERROR][0m ❌ http://localhost:3000/docs - HTTP 000
[0;31m[ERROR][0m ❌ http://localhost:3000/blog - HTTP 000
[0;31m[ERROR][0m ❌ http://localhost:3000/about - HTTP 000
[0;31m[ERROR][0m ❌ http://localhost:3000/docs/quickstart - HTTP 000
[0;31m[ERROR][0m ❌ http://localhost:3000/docs/install - HTTP 000
[1;33m[WARN][0m 发现 6 个页面异常
[0;32m[INFO][0m 检查 3/10: 网站构建测试
[0;31m[ERROR][0m ❌ 网站构建失败
[0;31m[ERROR][0m 构建日志: /tmp/build-test.log
[0;32m[INFO][0m 检查 4/10: Git 仓库状态
[0;32m[INFO][0m ✅ Git 仓库干净，无未提交更改
[0;32m[INFO][0m 检查 5/10: 依赖安全更新
[1;33m[WARN][0m 发现 0
0 个高危漏洞
[1;33m[WARN][0m 请手动运行: npm audit fix
[0;32m[INFO][0m 检查 6/10: 日志文件清理
[0;32m[INFO][0m ✅ 日志清理完成
[0;32m[INFO][0m 检查 7/10: 磁盘空间检查
[0;32m[INFO][0m ✅ 磁盘使用率 2%，正常
[0;32m[INFO][0m 检查 8/10: 内容更新检查
[0;32m[INFO][0m ✅ 无新文章待发布
[0;32m[INFO][0m 检查 9/10: 生成巡检报告
[0;32m[INFO][0m ✅ 报告已生成: /Users/openmilo/clawall/claw-team/claw-admin/logs/summary-2026-02-26.md
[0;32m[INFO][0m 检查 10/10: 发送巡检通知
[0;31m[ERROR][0m ⚠️  巡检完成，发现异常需要处理
========================================
巡检维护完成时间: 12:00:08
========================================
========================================
OpenClaw 网站每日巡检维护
日期: 2026-02-26 13:00:00
执行者: claw-admin (自动化)
========================================
[0;32m[INFO][0m 检查 1/10: 网站服务状态
[0;31m[ERROR][0m ❌ 网站服务未运行，尝试重启...
[0;31m[ERROR][0m ❌ 网站服务重启失败，需要人工介入
[0;32m[INFO][0m 检查 2/10: 关键页面访问
[0;31m[ERROR][0m ❌ http://localhost:3000/ - HTTP 000
[0;31m[ERROR][0m ❌ http://localhost:3000/docs - HTTP 000
[0;31m[ERROR][0m ❌ http://localhost:3000/blog - HTTP 000
[0;31m[ERROR][0m ❌ http://localhost:3000/about - HTTP 000
[0;31m[ERROR][0m ❌ http://localhost:3000/docs/quickstart - HTTP 000
[0;31m[ERROR][0m ❌ http://localhost:3000/docs/install - HTTP 000
[1;33m[WARN][0m 发现 6 个页面异常
[0;32m[INFO][0m 检查 3/10: 网站构建测试
[0;31m[ERROR][0m ❌ 网站构建失败
[0;31m[ERROR][0m 构建日志: /tmp/build-test.log
[0;32m[INFO][0m 检查 4/10: Git 仓库状态
[0;32m[INFO][0m ✅ Git 仓库干净，无未提交更改
[0;32m[INFO][0m 检查 5/10: 依赖安全更新
[1;33m[WARN][0m 发现 0
0 个高危漏洞
[1;33m[WARN][0m 请手动运行: npm audit fix
[0;32m[INFO][0m 检查 6/10: 日志文件清理
[0;32m[INFO][0m ✅ 日志清理完成
[0;32m[INFO][0m 检查 7/10: 磁盘空间检查
[0;32m[INFO][0m ✅ 磁盘使用率 2%，正常
[0;32m[INFO][0m 检查 8/10: 内容更新检查
[0;32m[INFO][0m ✅ 无新文章待发布
[0;32m[INFO][0m 检查 9/10: 生成巡检报告
[0;32m[INFO][0m ✅ 报告已生成: /Users/openmilo/clawall/claw-team/claw-admin/logs/summary-2026-02-26.md
[0;32m[INFO][0m 检查 10/10: 发送巡检通知
[0;31m[ERROR][0m ⚠️  巡检完成，发现异常需要处理
========================================
巡检维护完成时间: 13:00:07
========================================
========================================
OpenClaw 网站每日巡检维护
日期: 2026-02-26 14:00:01
执行者: claw-admin (自动化)
========================================
[0;32m[INFO][0m 检查 1/10: 网站服务状态
[0;31m[ERROR][0m ❌ 网站服务未运行，尝试重启...
[0;31m[ERROR][0m ❌ 网站服务重启失败，需要人工介入
[0;32m[INFO][0m 检查 2/10: 关键页面访问
[0;31m[ERROR][0m ❌ http://localhost:3000/ - HTTP 000
[0;31m[ERROR][0m ❌ http://localhost:3000/docs - HTTP 000
[0;31m[ERROR][0m ❌ http://localhost:3000/blog - HTTP 000
[0;31m[ERROR][0m ❌ http://localhost:3000/about - HTTP 000
[0;31m[ERROR][0m ❌ http://localhost:3000/docs/quickstart - HTTP 000
[0;31m[ERROR][0m ❌ http://localhost:3000/docs/install - HTTP 000
[1;33m[WARN][0m 发现 6 个页面异常
[0;32m[INFO][0m 检查 3/10: 网站构建测试
[0;31m[ERROR][0m ❌ 网站构建失败
[0;31m[ERROR][0m 构建日志: /tmp/build-test.log
[0;32m[INFO][0m 检查 4/10: Git 仓库状态
[0;32m[INFO][0m ✅ Git 仓库干净，无未提交更改
[0;32m[INFO][0m 检查 5/10: 依赖安全更新
[1;33m[WARN][0m 发现 0
0 个高危漏洞
[1;33m[WARN][0m 请手动运行: npm audit fix
[0;32m[INFO][0m 检查 6/10: 日志文件清理
[0;32m[INFO][0m ✅ 日志清理完成
[0;32m[INFO][0m 检查 7/10: 磁盘空间检查
[0;32m[INFO][0m ✅ 磁盘使用率 2%，正常
[0;32m[INFO][0m 检查 8/10: 内容更新检查
[0;32m[INFO][0m ✅ 无新文章待发布
[0;32m[INFO][0m 检查 9/10: 生成巡检报告
[0;32m[INFO][0m ✅ 报告已生成: /Users/openmilo/clawall/claw-team/claw-admin/logs/summary-2026-02-26.md
[0;32m[INFO][0m 检查 10/10: 发送巡检通知
[0;31m[ERROR][0m ⚠️  巡检完成，发现异常需要处理
========================================
巡检维护完成时间: 14:00:08
========================================
========================================
OpenClaw 网站每日巡检维护
日期: 2026-02-26 15:00:00
执行者: claw-admin (自动化)
========================================
[0;32m[INFO][0m 检查 1/10: 网站服务状态
[0;31m[ERROR][0m ❌ 网站服务未运行，尝试重启...
[0;31m[ERROR][0m ❌ 网站服务重启失败，需要人工介入
[0;32m[INFO][0m 检查 2/10: 关键页面访问
[0;31m[ERROR][0m ❌ http://localhost:3000/ - HTTP 000
[0;31m[ERROR][0m ❌ http://localhost:3000/docs - HTTP 000
[0;31m[ERROR][0m ❌ http://localhost:3000/blog - HTTP 000
[0;31m[ERROR][0m ❌ http://localhost:3000/about - HTTP 000
[0;31m[ERROR][0m ❌ http://localhost:3000/docs/quickstart - HTTP 000
[0;31m[ERROR][0m ❌ http://localhost:3000/docs/install - HTTP 000
[1;33m[WARN][0m 发现 6 个页面异常
[0;32m[INFO][0m 检查 3/10: 网站构建测试
[0;31m[ERROR][0m ❌ 网站构建失败
[0;31m[ERROR][0m 构建日志: /tmp/build-test.log
[0;32m[INFO][0m 检查 4/10: Git 仓库状态
[0;32m[INFO][0m ✅ Git 仓库干净，无未提交更改
[0;32m[INFO][0m 检查 5/10: 依赖安全更新
[1;33m[WARN][0m 发现 0
0 个高危漏洞
[1;33m[WARN][0m 请手动运行: npm audit fix
[0;32m[INFO][0m 检查 6/10: 日志文件清理
[0;32m[INFO][0m ✅ 日志清理完成
[0;32m[INFO][0m 检查 7/10: 磁盘空间检查
[0;32m[INFO][0m ✅ 磁盘使用率 2%，正常
[0;32m[INFO][0m 检查 8/10: 内容更新检查
[0;32m[INFO][0m ✅ 无新文章待发布
[0;32m[INFO][0m 检查 9/10: 生成巡检报告
[0;32m[INFO][0m ✅ 报告已生成: /Users/openmilo/clawall/claw-team/claw-admin/logs/summary-2026-02-26.md
[0;32m[INFO][0m 检查 10/10: 发送巡检通知
[0;31m[ERROR][0m ⚠️  巡检完成，发现异常需要处理
========================================
巡检维护完成时间: 15:00:08
========================================
========================================
OpenClaw 网站每日巡检维护
日期: 2026-02-26 16:00:00
执行者: claw-admin (自动化)
========================================
[0;32m[INFO][0m 检查 1/10: 网站服务状态
[0;31m[ERROR][0m ❌ 网站服务未运行，尝试重启...
[0;31m[ERROR][0m ❌ 网站服务重启失败，需要人工介入
[0;32m[INFO][0m 检查 2/10: 关键页面访问
[0;31m[ERROR][0m ❌ http://localhost:3000/ - HTTP 000
[0;31m[ERROR][0m ❌ http://localhost:3000/docs - HTTP 000
[0;31m[ERROR][0m ❌ http://localhost:3000/blog - HTTP 000
[0;31m[ERROR][0m ❌ http://localhost:3000/about - HTTP 000
[0;31m[ERROR][0m ❌ http://localhost:3000/docs/quickstart - HTTP 000
[0;31m[ERROR][0m ❌ http://localhost:3000/docs/install - HTTP 000
[1;33m[WARN][0m 发现 6 个页面异常
[0;32m[INFO][0m 检查 3/10: 网站构建测试
[0;31m[ERROR][0m ❌ 网站构建失败
[0;31m[ERROR][0m 构建日志: /tmp/build-test.log
[0;32m[INFO][0m 检查 4/10: Git 仓库状态
[0;32m[INFO][0m ✅ Git 仓库干净，无未提交更改
[0;32m[INFO][0m 检查 5/10: 依赖安全更新
[1;33m[WARN][0m 发现 0
0 个高危漏洞
[1;33m[WARN][0m 请手动运行: npm audit fix
[0;32m[INFO][0m 检查 6/10: 日志文件清理
[0;32m[INFO][0m ✅ 日志清理完成
[0;32m[INFO][0m 检查 7/10: 磁盘空间检查
[0;32m[INFO][0m ✅ 磁盘使用率 2%，正常
[0;32m[INFO][0m 检查 8/10: 内容更新检查
[0;32m[INFO][0m ✅ 无新文章待发布
[0;32m[INFO][0m 检查 9/10: 生成巡检报告
[0;32m[INFO][0m ✅ 报告已生成: /Users/openmilo/clawall/claw-team/claw-admin/logs/summary-2026-02-26.md
[0;32m[INFO][0m 检查 10/10: 发送巡检通知
[0;31m[ERROR][0m ⚠️  巡检完成，发现异常需要处理
========================================
巡检维护完成时间: 16:00:08
========================================
========================================
OpenClaw 网站每日巡检维护
日期: 2026-02-26 17:00:00
执行者: claw-admin (自动化)
========================================
[0;32m[INFO][0m 检查 1/10: 网站服务状态
[0;31m[ERROR][0m ❌ 网站服务未运行，尝试重启...
[0;31m[ERROR][0m ❌ 网站服务重启失败，需要人工介入
[0;32m[INFO][0m 检查 2/10: 关键页面访问
[0;31m[ERROR][0m ❌ http://localhost:3000/ - HTTP 000
[0;31m[ERROR][0m ❌ http://localhost:3000/docs - HTTP 000
[0;31m[ERROR][0m ❌ http://localhost:3000/blog - HTTP 000
[0;31m[ERROR][0m ❌ http://localhost:3000/about - HTTP 000
[0;31m[ERROR][0m ❌ http://localhost:3000/docs/quickstart - HTTP 000
[0;31m[ERROR][0m ❌ http://localhost:3000/docs/install - HTTP 000
[1;33m[WARN][0m 发现 6 个页面异常
[0;32m[INFO][0m 检查 3/10: 网站构建测试
[0;31m[ERROR][0m ❌ 网站构建失败
[0;31m[ERROR][0m 构建日志: /tmp/build-test.log
[0;32m[INFO][0m 检查 4/10: Git 仓库状态
[0;32m[INFO][0m ✅ Git 仓库干净，无未提交更改
[0;32m[INFO][0m 检查 5/10: 依赖安全更新
[1;33m[WARN][0m 发现 0
0 个高危漏洞
[1;33m[WARN][0m 请手动运行: npm audit fix
[0;32m[INFO][0m 检查 6/10: 日志文件清理
[0;32m[INFO][0m ✅ 日志清理完成
[0;32m[INFO][0m 检查 7/10: 磁盘空间检查
[0;32m[INFO][0m ✅ 磁盘使用率 2%，正常
[0;32m[INFO][0m 检查 8/10: 内容更新检查
[0;32m[INFO][0m ✅ 无新文章待发布
[0;32m[INFO][0m 检查 9/10: 生成巡检报告
[0;32m[INFO][0m ✅ 报告已生成: /Users/openmilo/clawall/claw-team/claw-admin/logs/summary-2026-02-26.md
[0;32m[INFO][0m 检查 10/10: 发送巡检通知
[0;31m[ERROR][0m ⚠️  巡检完成，发现异常需要处理
========================================
巡检维护完成时间: 17:00:08
========================================
========================================
OpenClaw 网站每日巡检维护
日期: 2026-02-26 18:00:00
执行者: claw-admin (自动化)
========================================
[0;32m[INFO][0m 检查 1/10: 网站服务状态
[0;31m[ERROR][0m ❌ 网站服务未运行，尝试重启...
[0;31m[ERROR][0m ❌ 网站服务重启失败，需要人工介入
[0;32m[INFO][0m 检查 2/10: 关键页面访问
[0;31m[ERROR][0m ❌ http://localhost:3000/ - HTTP 000
[0;31m[ERROR][0m ❌ http://localhost:3000/docs - HTTP 000
[0;31m[ERROR][0m ❌ http://localhost:3000/blog - HTTP 000
[0;31m[ERROR][0m ❌ http://localhost:3000/about - HTTP 000
[0;31m[ERROR][0m ❌ http://localhost:3000/docs/quickstart - HTTP 000
[0;31m[ERROR][0m ❌ http://localhost:3000/docs/install - HTTP 000
[1;33m[WARN][0m 发现 6 个页面异常
[0;32m[INFO][0m 检查 3/10: 网站构建测试
[0;31m[ERROR][0m ❌ 网站构建失败
[0;31m[ERROR][0m 构建日志: /tmp/build-test.log
[0;32m[INFO][0m 检查 4/10: Git 仓库状态
[0;32m[INFO][0m ✅ Git 仓库干净，无未提交更改
[0;32m[INFO][0m 检查 5/10: 依赖安全更新
[1;33m[WARN][0m 发现 0
0 个高危漏洞
[1;33m[WARN][0m 请手动运行: npm audit fix
[0;32m[INFO][0m 检查 6/10: 日志文件清理
[0;32m[INFO][0m ✅ 日志清理完成
[0;32m[INFO][0m 检查 7/10: 磁盘空间检查
[0;32m[INFO][0m ✅ 磁盘使用率 2%，正常
[0;32m[INFO][0m 检查 8/10: 内容更新检查
[0;32m[INFO][0m ✅ 无新文章待发布
[0;32m[INFO][0m 检查 9/10: 生成巡检报告
[0;32m[INFO][0m ✅ 报告已生成: /Users/openmilo/clawall/claw-team/claw-admin/logs/summary-2026-02-26.md
[0;32m[INFO][0m 检查 10/10: 发送巡检通知
[0;31m[ERROR][0m ⚠️  巡检完成，发现异常需要处理
========================================
巡检维护完成时间: 18:00:08
========================================
========================================
OpenClaw 网站每日巡检维护
日期: 2026-02-26 19:00:01
执行者: claw-admin (自动化)
========================================
[0;32m[INFO][0m 检查 1/10: 网站服务状态
[0;31m[ERROR][0m ❌ 网站服务未运行，尝试重启...
[0;31m[ERROR][0m ❌ 网站服务重启失败，需要人工介入
[0;32m[INFO][0m 检查 2/10: 关键页面访问
[0;31m[ERROR][0m ❌ http://localhost:3000/ - HTTP 000
[0;31m[ERROR][0m ❌ http://localhost:3000/docs - HTTP 000
[0;31m[ERROR][0m ❌ http://localhost:3000/blog - HTTP 000
[0;31m[ERROR][0m ❌ http://localhost:3000/about - HTTP 000
[0;31m[ERROR][0m ❌ http://localhost:3000/docs/quickstart - HTTP 000
[0;31m[ERROR][0m ❌ http://localhost:3000/docs/install - HTTP 000
[1;33m[WARN][0m 发现 6 个页面异常
[0;32m[INFO][0m 检查 3/10: 网站构建测试
[0;31m[ERROR][0m ❌ 网站构建失败
[0;31m[ERROR][0m 构建日志: /tmp/build-test.log
[0;32m[INFO][0m 检查 4/10: Git 仓库状态
[0;32m[INFO][0m ✅ Git 仓库干净，无未提交更改
[0;32m[INFO][0m 检查 5/10: 依赖安全更新
[1;33m[WARN][0m 发现 0
0 个高危漏洞
[1;33m[WARN][0m 请手动运行: npm audit fix
[0;32m[INFO][0m 检查 6/10: 日志文件清理
[0;32m[INFO][0m ✅ 日志清理完成
[0;32m[INFO][0m 检查 7/10: 磁盘空间检查
[0;32m[INFO][0m ✅ 磁盘使用率 2%，正常
[0;32m[INFO][0m 检查 8/10: 内容更新检查
[0;32m[INFO][0m ✅ 无新文章待发布
[0;32m[INFO][0m 检查 9/10: 生成巡检报告
[0;32m[INFO][0m ✅ 报告已生成: /Users/openmilo/clawall/claw-team/claw-admin/logs/summary-2026-02-26.md
[0;32m[INFO][0m 检查 10/10: 发送巡检通知
[0;31m[ERROR][0m ⚠️  巡检完成，发现异常需要处理
========================================
巡检维护完成时间: 19:00:08
========================================
========================================
OpenClaw 网站每日巡检维护
日期: 2026-02-26 20:00:00
执行者: claw-admin (自动化)
========================================
[0;32m[INFO][0m 检查 1/10: 网站服务状态
[0;31m[ERROR][0m ❌ 网站服务未运行，尝试重启...
[0;31m[ERROR][0m ❌ 网站服务重启失败，需要人工介入
[0;32m[INFO][0m 检查 2/10: 关键页面访问
[0;31m[ERROR][0m ❌ http://localhost:3000/ - HTTP 000
[0;31m[ERROR][0m ❌ http://localhost:3000/docs - HTTP 000
[0;31m[ERROR][0m ❌ http://localhost:3000/blog - HTTP 000
[0;31m[ERROR][0m ❌ http://localhost:3000/about - HTTP 000
[0;31m[ERROR][0m ❌ http://localhost:3000/docs/quickstart - HTTP 000
[0;31m[ERROR][0m ❌ http://localhost:3000/docs/install - HTTP 000
[1;33m[WARN][0m 发现 6 个页面异常
[0;32m[INFO][0m 检查 3/10: 网站构建测试
[0;31m[ERROR][0m ❌ 网站构建失败
[0;31m[ERROR][0m 构建日志: /tmp/build-test.log
[0;32m[INFO][0m 检查 4/10: Git 仓库状态
[0;32m[INFO][0m ✅ Git 仓库干净，无未提交更改
[0;32m[INFO][0m 检查 5/10: 依赖安全更新
[1;33m[WARN][0m 发现 0
0 个高危漏洞
[1;33m[WARN][0m 请手动运行: npm audit fix
[0;32m[INFO][0m 检查 6/10: 日志文件清理
[0;32m[INFO][0m ✅ 日志清理完成
[0;32m[INFO][0m 检查 7/10: 磁盘空间检查
[0;32m[INFO][0m ✅ 磁盘使用率 2%，正常
[0;32m[INFO][0m 检查 8/10: 内容更新检查
[0;32m[INFO][0m ✅ 无新文章待发布
[0;32m[INFO][0m 检查 9/10: 生成巡检报告
[0;32m[INFO][0m ✅ 报告已生成: /Users/openmilo/clawall/claw-team/claw-admin/logs/summary-2026-02-26.md
[0;32m[INFO][0m 检查 10/10: 发送巡检通知
[0;31m[ERROR][0m ⚠️  巡检完成，发现异常需要处理
========================================
巡检维护完成时间: 20:00:08
========================================
========================================
OpenClaw 网站每日巡检维护
日期: 2026-02-26 21:00:00
执行者: claw-admin (自动化)
========================================
[0;32m[INFO][0m 检查 1/10: 网站服务状态
[0;31m[ERROR][0m ❌ 网站服务未运行，尝试重启...
[0;31m[ERROR][0m ❌ 网站服务重启失败，需要人工介入
[0;32m[INFO][0m 检查 2/10: 关键页面访问
[0;31m[ERROR][0m ❌ http://localhost:3000/ - HTTP 000
[0;31m[ERROR][0m ❌ http://localhost:3000/docs - HTTP 000
[0;31m[ERROR][0m ❌ http://localhost:3000/blog - HTTP 000
[0;31m[ERROR][0m ❌ http://localhost:3000/about - HTTP 000
[0;31m[ERROR][0m ❌ http://localhost:3000/docs/quickstart - HTTP 000
[0;31m[ERROR][0m ❌ http://localhost:3000/docs/install - HTTP 000
[1;33m[WARN][0m 发现 6 个页面异常
[0;32m[INFO][0m 检查 3/10: 网站构建测试
[0;31m[ERROR][0m ❌ 网站构建失败
[0;31m[ERROR][0m 构建日志: /tmp/build-test.log
[0;32m[INFO][0m 检查 4/10: Git 仓库状态
[0;32m[INFO][0m ✅ Git 仓库干净，无未提交更改
[0;32m[INFO][0m 检查 5/10: 依赖安全更新
[1;33m[WARN][0m 发现 0
0 个高危漏洞
[1;33m[WARN][0m 请手动运行: npm audit fix
[0;32m[INFO][0m 检查 6/10: 日志文件清理
[0;32m[INFO][0m ✅ 日志清理完成
[0;32m[INFO][0m 检查 7/10: 磁盘空间检查
[0;32m[INFO][0m ✅ 磁盘使用率 2%，正常
[0;32m[INFO][0m 检查 8/10: 内容更新检查
[0;32m[INFO][0m ✅ 无新文章待发布
[0;32m[INFO][0m 检查 9/10: 生成巡检报告
[0;32m[INFO][0m ✅ 报告已生成: /Users/openmilo/clawall/claw-team/claw-admin/logs/summary-2026-02-26.md
[0;32m[INFO][0m 检查 10/10: 发送巡检通知
[0;31m[ERROR][0m ⚠️  巡检完成，发现异常需要处理
========================================
巡检维护完成时间: 21:00:08
========================================
========================================
OpenClaw 网站每日巡检维护
日期: 2026-02-26 22:00:00
执行者: claw-admin (自动化)
========================================
[0;32m[INFO][0m 检查 1/10: 网站服务状态
[0;31m[ERROR][0m ❌ 网站服务未运行，尝试重启...
[0;31m[ERROR][0m ❌ 网站服务重启失败，需要人工介入
[0;32m[INFO][0m 检查 2/10: 关键页面访问
[0;31m[ERROR][0m ❌ http://localhost:3000/ - HTTP 000
[0;31m[ERROR][0m ❌ http://localhost:3000/docs - HTTP 000
[0;31m[ERROR][0m ❌ http://localhost:3000/blog - HTTP 000
[0;31m[ERROR][0m ❌ http://localhost:3000/about - HTTP 000
[0;31m[ERROR][0m ❌ http://localhost:3000/docs/quickstart - HTTP 000
[0;31m[ERROR][0m ❌ http://localhost:3000/docs/install - HTTP 000
[1;33m[WARN][0m 发现 6 个页面异常
[0;32m[INFO][0m 检查 3/10: 网站构建测试
[0;31m[ERROR][0m ❌ 网站构建失败
[0;31m[ERROR][0m 构建日志: /tmp/build-test.log
[0;32m[INFO][0m 检查 4/10: Git 仓库状态
[0;32m[INFO][0m ✅ Git 仓库干净，无未提交更改
[0;32m[INFO][0m 检查 5/10: 依赖安全更新
[1;33m[WARN][0m 发现 0
0 个高危漏洞
[1;33m[WARN][0m 请手动运行: npm audit fix
[0;32m[INFO][0m 检查 6/10: 日志文件清理
[0;32m[INFO][0m ✅ 日志清理完成
[0;32m[INFO][0m 检查 7/10: 磁盘空间检查
[0;32m[INFO][0m ✅ 磁盘使用率 2%，正常
[0;32m[INFO][0m 检查 8/10: 内容更新检查
[0;32m[INFO][0m ✅ 无新文章待发布
[0;32m[INFO][0m 检查 9/10: 生成巡检报告
[0;32m[INFO][0m ✅ 报告已生成: /Users/openmilo/clawall/claw-team/claw-admin/logs/summary-2026-02-26.md
[0;32m[INFO][0m 检查 10/10: 发送巡检通知
[0;31m[ERROR][0m ⚠️  巡检完成，发现异常需要处理
========================================
巡检维护完成时间: 22:00:07
========================================
========================================
OpenClaw 网站每日巡检维护
日期: 2026-02-26 23:00:00
执行者: claw-admin (自动化)
========================================
[0;32m[INFO][0m 检查 1/10: 网站服务状态
[0;31m[ERROR][0m ❌ 网站服务未运行，尝试重启...
[0;31m[ERROR][0m ❌ 网站服务重启失败，需要人工介入
[0;32m[INFO][0m 检查 2/10: 关键页面访问
[0;31m[ERROR][0m ❌ http://localhost:3000/ - HTTP 000
[0;31m[ERROR][0m ❌ http://localhost:3000/docs - HTTP 000
[0;31m[ERROR][0m ❌ http://localhost:3000/blog - HTTP 000
[0;31m[ERROR][0m ❌ http://localhost:3000/about - HTTP 000
[0;31m[ERROR][0m ❌ http://localhost:3000/docs/quickstart - HTTP 000
[0;31m[ERROR][0m ❌ http://localhost:3000/docs/install - HTTP 000
[1;33m[WARN][0m 发现 6 个页面异常
[0;32m[INFO][0m 检查 3/10: 网站构建测试
[0;31m[ERROR][0m ❌ 网站构建失败
[0;31m[ERROR][0m 构建日志: /tmp/build-test.log
[0;32m[INFO][0m 检查 4/10: Git 仓库状态
[0;32m[INFO][0m ✅ Git 仓库干净，无未提交更改
[0;32m[INFO][0m 检查 5/10: 依赖安全更新
[1;33m[WARN][0m 发现 0
0 个高危漏洞
[1;33m[WARN][0m 请手动运行: npm audit fix
[0;32m[INFO][0m 检查 6/10: 日志文件清理
[0;32m[INFO][0m ✅ 日志清理完成
[0;32m[INFO][0m 检查 7/10: 磁盘空间检查
[0;32m[INFO][0m ✅ 磁盘使用率 2%，正常
[0;32m[INFO][0m 检查 8/10: 内容更新检查
[0;32m[INFO][0m ✅ 无新文章待发布
[0;32m[INFO][0m 检查 9/10: 生成巡检报告
[0;32m[INFO][0m ✅ 报告已生成: /Users/openmilo/clawall/claw-team/claw-admin/logs/summary-2026-02-26.md
[0;32m[INFO][0m 检查 10/10: 发送巡检通知
[0;31m[ERROR][0m ⚠️  巡检完成，发现异常需要处理
========================================
巡检维护完成时间: 23:00:08
========================================
========================================
OpenClaw 网站每日巡检维护
日期: 2026-02-27 00:00:00
执行者: claw-admin (自动化)
========================================
[0;32m[INFO][0m 检查 1/10: 网站服务状态
[0;31m[ERROR][0m ❌ 网站服务未运行，尝试重启...
[0;31m[ERROR][0m ❌ 网站服务重启失败，需要人工介入
[0;32m[INFO][0m 检查 2/10: 关键页面访问
[0;31m[ERROR][0m ❌ http://localhost:3000/ - HTTP 000
[0;31m[ERROR][0m ❌ http://localhost:3000/docs - HTTP 000
[0;31m[ERROR][0m ❌ http://localhost:3000/blog - HTTP 000
[0;31m[ERROR][0m ❌ http://localhost:3000/about - HTTP 000
[0;31m[ERROR][0m ❌ http://localhost:3000/docs/quickstart - HTTP 000
[0;31m[ERROR][0m ❌ http://localhost:3000/docs/install - HTTP 000
[1;33m[WARN][0m 发现 6 个页面异常
[0;32m[INFO][0m 检查 3/10: 网站构建测试
[0;31m[ERROR][0m ❌ 网站构建失败
[0;31m[ERROR][0m 构建日志: /tmp/build-test.log
[0;32m[INFO][0m 检查 4/10: Git 仓库状态
[0;32m[INFO][0m ✅ Git 仓库干净，无未提交更改
[0;32m[INFO][0m 检查 5/10: 依赖安全更新
[1;33m[WARN][0m 发现 0
0 个高危漏洞
[1;33m[WARN][0m 请手动运行: npm audit fix
[0;32m[INFO][0m 检查 6/10: 日志文件清理
[0;32m[INFO][0m ✅ 日志清理完成
[0;32m[INFO][0m 检查 7/10: 磁盘空间检查
[0;32m[INFO][0m ✅ 磁盘使用率 2%，正常
[0;32m[INFO][0m 检查 8/10: 内容更新检查
[0;32m[INFO][0m ✅ 无新文章待发布
[0;32m[INFO][0m 检查 9/10: 生成巡检报告
[0;32m[INFO][0m ✅ 报告已生成: /Users/openmilo/clawall/claw-team/claw-admin/logs/summary-2026-02-27.md
[0;32m[INFO][0m 检查 10/10: 发送巡检通知
[0;31m[ERROR][0m ⚠️  巡检完成，发现异常需要处理
========================================
巡检维护完成时间: 00:00:08
========================================
========================================
OpenClaw 网站每日巡检维护
日期: 2026-02-27 01:00:00
执行者: claw-admin (自动化)
========================================
[0;32m[INFO][0m 检查 1/10: 网站服务状态
[0;31m[ERROR][0m ❌ 网站服务未运行，尝试重启...
[0;31m[ERROR][0m ❌ 网站服务重启失败，需要人工介入
[0;32m[INFO][0m 检查 2/10: 关键页面访问
[0;31m[ERROR][0m ❌ http://localhost:3000/ - HTTP 000
[0;31m[ERROR][0m ❌ http://localhost:3000/docs - HTTP 000
[0;31m[ERROR][0m ❌ http://localhost:3000/blog - HTTP 000
[0;31m[ERROR][0m ❌ http://localhost:3000/about - HTTP 000
[0;31m[ERROR][0m ❌ http://localhost:3000/docs/quickstart - HTTP 000
[0;31m[ERROR][0m ❌ http://localhost:3000/docs/install - HTTP 000
[1;33m[WARN][0m 发现 6 个页面异常
[0;32m[INFO][0m 检查 3/10: 网站构建测试
[0;31m[ERROR][0m ❌ 网站构建失败
[0;31m[ERROR][0m 构建日志: /tmp/build-test.log
[0;32m[INFO][0m 检查 4/10: Git 仓库状态
[0;32m[INFO][0m ✅ Git 仓库干净，无未提交更改
[0;32m[INFO][0m 检查 5/10: 依赖安全更新
[1;33m[WARN][0m 发现 0
0 个高危漏洞
[1;33m[WARN][0m 请手动运行: npm audit fix
[0;32m[INFO][0m 检查 6/10: 日志文件清理
[0;32m[INFO][0m ✅ 日志清理完成
[0;32m[INFO][0m 检查 7/10: 磁盘空间检查
[0;32m[INFO][0m ✅ 磁盘使用率 2%，正常
[0;32m[INFO][0m 检查 8/10: 内容更新检查
[0;32m[INFO][0m ✅ 无新文章待发布
[0;32m[INFO][0m 检查 9/10: 生成巡检报告
[0;32m[INFO][0m ✅ 报告已生成: /Users/openmilo/clawall/claw-team/claw-admin/logs/summary-2026-02-27.md
[0;32m[INFO][0m 检查 10/10: 发送巡检通知
[0;31m[ERROR][0m ⚠️  巡检完成，发现异常需要处理
========================================
巡检维护完成时间: 01:00:07
========================================
========================================
OpenClaw 网站每日巡检维护
日期: 2026-02-27 02:00:00
执行者: claw-admin (自动化)
========================================
[0;32m[INFO][0m 检查 1/10: 网站服务状态
[0;31m[ERROR][0m ❌ 网站服务未运行，尝试重启...
[0;31m[ERROR][0m ❌ 网站服务重启失败，需要人工介入
[0;32m[INFO][0m 检查 2/10: 关键页面访问
[0;31m[ERROR][0m ❌ http://localhost:3000/ - HTTP 000
[0;31m[ERROR][0m ❌ http://localhost:3000/docs - HTTP 000
[0;31m[ERROR][0m ❌ http://localhost:3000/blog - HTTP 000
[0;31m[ERROR][0m ❌ http://localhost:3000/about - HTTP 000
[0;31m[ERROR][0m ❌ http://localhost:3000/docs/quickstart - HTTP 000
[0;31m[ERROR][0m ❌ http://localhost:3000/docs/install - HTTP 000
[1;33m[WARN][0m 发现 6 个页面异常
[0;32m[INFO][0m 检查 3/10: 网站构建测试
[0;31m[ERROR][0m ❌ 网站构建失败
[0;31m[ERROR][0m 构建日志: /tmp/build-test.log
[0;32m[INFO][0m 检查 4/10: Git 仓库状态
[0;32m[INFO][0m ✅ Git 仓库干净，无未提交更改
[0;32m[INFO][0m 检查 5/10: 依赖安全更新
[1;33m[WARN][0m 发现 0
0 个高危漏洞
[1;33m[WARN][0m 请手动运行: npm audit fix
[0;32m[INFO][0m 检查 6/10: 日志文件清理
[0;32m[INFO][0m ✅ 日志清理完成
[0;32m[INFO][0m 检查 7/10: 磁盘空间检查
[0;32m[INFO][0m ✅ 磁盘使用率 2%，正常
[0;32m[INFO][0m 检查 8/10: 内容更新检查
[0;32m[INFO][0m ✅ 无新文章待发布
[0;32m[INFO][0m 检查 9/10: 生成巡检报告
[0;32m[INFO][0m ✅ 报告已生成: /Users/openmilo/clawall/claw-team/claw-admin/logs/summary-2026-02-27.md
[0;32m[INFO][0m 检查 10/10: 发送巡检通知
[0;31m[ERROR][0m ⚠️  巡检完成，发现异常需要处理
========================================
巡检维护完成时间: 02:00:07
========================================
========================================
OpenClaw 网站每日巡检维护
日期: 2026-02-27 03:00:00
执行者: claw-admin (自动化)
========================================
[0;32m[INFO][0m 检查 1/10: 网站服务状态
[0;31m[ERROR][0m ❌ 网站服务未运行，尝试重启...
[0;31m[ERROR][0m ❌ 网站服务重启失败，需要人工介入
[0;32m[INFO][0m 检查 2/10: 关键页面访问
[0;31m[ERROR][0m ❌ http://localhost:3000/ - HTTP 000
[0;31m[ERROR][0m ❌ http://localhost:3000/docs - HTTP 000
[0;31m[ERROR][0m ❌ http://localhost:3000/blog - HTTP 000
[0;31m[ERROR][0m ❌ http://localhost:3000/about - HTTP 000
[0;31m[ERROR][0m ❌ http://localhost:3000/docs/quickstart - HTTP 000
[0;31m[ERROR][0m ❌ http://localhost:3000/docs/install - HTTP 000
[1;33m[WARN][0m 发现 6 个页面异常
[0;32m[INFO][0m 检查 3/10: 网站构建测试
[0;31m[ERROR][0m ❌ 网站构建失败
[0;31m[ERROR][0m 构建日志: /tmp/build-test.log
[0;32m[INFO][0m 检查 4/10: Git 仓库状态
[0;32m[INFO][0m ✅ Git 仓库干净，无未提交更改
[0;32m[INFO][0m 检查 5/10: 依赖安全更新
[1;33m[WARN][0m 发现 0
0 个高危漏洞
[1;33m[WARN][0m 请手动运行: npm audit fix
[0;32m[INFO][0m 检查 6/10: 日志文件清理
[0;32m[INFO][0m ✅ 日志清理完成
[0;32m[INFO][0m 检查 7/10: 磁盘空间检查
[0;32m[INFO][0m ✅ 磁盘使用率 2%，正常
[0;32m[INFO][0m 检查 8/10: 内容更新检查
[0;32m[INFO][0m ✅ 无新文章待发布
[0;32m[INFO][0m 检查 9/10: 生成巡检报告
[0;32m[INFO][0m ✅ 报告已生成: /Users/openmilo/clawall/claw-team/claw-admin/logs/summary-2026-02-27.md
[0;32m[INFO][0m 检查 10/10: 发送巡检通知
[0;31m[ERROR][0m ⚠️  巡检完成，发现异常需要处理
========================================
巡检维护完成时间: 03:00:08
========================================
========================================
OpenClaw 网站每日巡检维护
日期: 2026-02-27 04:00:00
执行者: claw-admin (自动化)
========================================
[0;32m[INFO][0m 检查 1/10: 网站服务状态
[0;31m[ERROR][0m ❌ 网站服务未运行，尝试重启...
[0;31m[ERROR][0m ❌ 网站服务重启失败，需要人工介入
[0;32m[INFO][0m 检查 2/10: 关键页面访问
[0;31m[ERROR][0m ❌ http://localhost:3000/ - HTTP 000
[0;31m[ERROR][0m ❌ http://localhost:3000/docs - HTTP 000
[0;31m[ERROR][0m ❌ http://localhost:3000/blog - HTTP 000
[0;31m[ERROR][0m ❌ http://localhost:3000/about - HTTP 000
[0;31m[ERROR][0m ❌ http://localhost:3000/docs/quickstart - HTTP 000
[0;31m[ERROR][0m ❌ http://localhost:3000/docs/install - HTTP 000
[1;33m[WARN][0m 发现 6 个页面异常
[0;32m[INFO][0m 检查 3/10: 网站构建测试
[0;31m[ERROR][0m ❌ 网站构建失败
[0;31m[ERROR][0m 构建日志: /tmp/build-test.log
[0;32m[INFO][0m 检查 4/10: Git 仓库状态
[0;32m[INFO][0m ✅ Git 仓库干净，无未提交更改
[0;32m[INFO][0m 检查 5/10: 依赖安全更新
[1;33m[WARN][0m 发现 0
0 个高危漏洞
[1;33m[WARN][0m 请手动运行: npm audit fix
[0;32m[INFO][0m 检查 6/10: 日志文件清理
[0;32m[INFO][0m ✅ 日志清理完成
[0;32m[INFO][0m 检查 7/10: 磁盘空间检查
[0;32m[INFO][0m ✅ 磁盘使用率 2%，正常
[0;32m[INFO][0m 检查 8/10: 内容更新检查
[0;32m[INFO][0m ✅ 无新文章待发布
[0;32m[INFO][0m 检查 9/10: 生成巡检报告
[0;32m[INFO][0m ✅ 报告已生成: /Users/openmilo/clawall/claw-team/claw-admin/logs/summary-2026-02-27.md
[0;32m[INFO][0m 检查 10/10: 发送巡检通知
[0;31m[ERROR][0m ⚠️  巡检完成，发现异常需要处理
========================================
巡检维护完成时间: 04:00:08
========================================
========================================
OpenClaw 网站每日巡检维护
日期: 2026-02-27 05:00:00
执行者: claw-admin (自动化)
========================================
[0;32m[INFO][0m 检查 1/10: 网站服务状态
[0;31m[ERROR][0m ❌ 网站服务未运行，尝试重启...
[0;31m[ERROR][0m ❌ 网站服务重启失败，需要人工介入
[0;32m[INFO][0m 检查 2/10: 关键页面访问
[0;31m[ERROR][0m ❌ http://localhost:3000/ - HTTP 000
[0;31m[ERROR][0m ❌ http://localhost:3000/docs - HTTP 000
[0;31m[ERROR][0m ❌ http://localhost:3000/blog - HTTP 000
[0;31m[ERROR][0m ❌ http://localhost:3000/about - HTTP 000
[0;31m[ERROR][0m ❌ http://localhost:3000/docs/quickstart - HTTP 000
[0;31m[ERROR][0m ❌ http://localhost:3000/docs/install - HTTP 000
[1;33m[WARN][0m 发现 6 个页面异常
[0;32m[INFO][0m 检查 3/10: 网站构建测试
[0;31m[ERROR][0m ❌ 网站构建失败
[0;31m[ERROR][0m 构建日志: /tmp/build-test.log
[0;32m[INFO][0m 检查 4/10: Git 仓库状态
[0;32m[INFO][0m ✅ Git 仓库干净，无未提交更改
[0;32m[INFO][0m 检查 5/10: 依赖安全更新
[1;33m[WARN][0m 发现 0
0 个高危漏洞
[1;33m[WARN][0m 请手动运行: npm audit fix
[0;32m[INFO][0m 检查 6/10: 日志文件清理
[0;32m[INFO][0m ✅ 日志清理完成
[0;32m[INFO][0m 检查 7/10: 磁盘空间检查
[0;32m[INFO][0m ✅ 磁盘使用率 2%，正常
[0;32m[INFO][0m 检查 8/10: 内容更新检查
[0;32m[INFO][0m ✅ 无新文章待发布
[0;32m[INFO][0m 检查 9/10: 生成巡检报告
[0;32m[INFO][0m ✅ 报告已生成: /Users/openmilo/clawall/claw-team/claw-admin/logs/summary-2026-02-27.md
[0;32m[INFO][0m 检查 10/10: 发送巡检通知
[0;31m[ERROR][0m ⚠️  巡检完成，发现异常需要处理
========================================
巡检维护完成时间: 05:00:08
========================================
========================================
OpenClaw 网站每日巡检维护
日期: 2026-02-27 06:00:00
执行者: claw-admin (自动化)
========================================
[0;32m[INFO][0m 检查 1/10: 网站服务状态
[0;31m[ERROR][0m ❌ 网站服务未运行，尝试重启...
[0;31m[ERROR][0m ❌ 网站服务重启失败，需要人工介入
[0;32m[INFO][0m 检查 2/10: 关键页面访问
[0;31m[ERROR][0m ❌ http://localhost:3000/ - HTTP 000
[0;31m[ERROR][0m ❌ http://localhost:3000/docs - HTTP 000
[0;31m[ERROR][0m ❌ http://localhost:3000/blog - HTTP 000
[0;31m[ERROR][0m ❌ http://localhost:3000/about - HTTP 000
[0;31m[ERROR][0m ❌ http://localhost:3000/docs/quickstart - HTTP 000
[0;31m[ERROR][0m ❌ http://localhost:3000/docs/install - HTTP 000
[1;33m[WARN][0m 发现 6 个页面异常
[0;32m[INFO][0m 检查 3/10: 网站构建测试
[0;31m[ERROR][0m ❌ 网站构建失败
[0;31m[ERROR][0m 构建日志: /tmp/build-test.log
[0;32m[INFO][0m 检查 4/10: Git 仓库状态
[0;32m[INFO][0m ✅ Git 仓库干净，无未提交更改
[0;32m[INFO][0m 检查 5/10: 依赖安全更新
[1;33m[WARN][0m 发现 0
0 个高危漏洞
[1;33m[WARN][0m 请手动运行: npm audit fix
[0;32m[INFO][0m 检查 6/10: 日志文件清理
[0;32m[INFO][0m ✅ 日志清理完成
[0;32m[INFO][0m 检查 7/10: 磁盘空间检查
[0;32m[INFO][0m ✅ 磁盘使用率 2%，正常
[0;32m[INFO][0m 检查 8/10: 内容更新检查
[0;32m[INFO][0m ✅ 无新文章待发布
[0;32m[INFO][0m 检查 9/10: 生成巡检报告
[0;32m[INFO][0m ✅ 报告已生成: /Users/openmilo/clawall/claw-team/claw-admin/logs/summary-2026-02-27.md
[0;32m[INFO][0m 检查 10/10: 发送巡检通知
[0;31m[ERROR][0m ⚠️  巡检完成，发现异常需要处理
========================================
巡检维护完成时间: 06:00:08
========================================
========================================
OpenClaw 网站每日巡检维护
日期: 2026-02-27 07:00:01
执行者: claw-admin (自动化)
========================================
[0;32m[INFO][0m 检查 1/10: 网站服务状态
[0;31m[ERROR][0m ❌ 网站服务未运行，尝试重启...
[0;31m[ERROR][0m ❌ 网站服务重启失败，需要人工介入
[0;32m[INFO][0m 检查 2/10: 关键页面访问
[0;31m[ERROR][0m ❌ http://localhost:3000/ - HTTP 000
[0;31m[ERROR][0m ❌ http://localhost:3000/docs - HTTP 000
[0;31m[ERROR][0m ❌ http://localhost:3000/blog - HTTP 000
[0;31m[ERROR][0m ❌ http://localhost:3000/about - HTTP 000
[0;31m[ERROR][0m ❌ http://localhost:3000/docs/quickstart - HTTP 000
[0;31m[ERROR][0m ❌ http://localhost:3000/docs/install - HTTP 000
[1;33m[WARN][0m 发现 6 个页面异常
[0;32m[INFO][0m 检查 3/10: 网站构建测试
[0;31m[ERROR][0m ❌ 网站构建失败
[0;31m[ERROR][0m 构建日志: /tmp/build-test.log
[0;32m[INFO][0m 检查 4/10: Git 仓库状态
[0;32m[INFO][0m ✅ Git 仓库干净，无未提交更改
[0;32m[INFO][0m 检查 5/10: 依赖安全更新
[1;33m[WARN][0m 发现 0
0 个高危漏洞
[1;33m[WARN][0m 请手动运行: npm audit fix
[0;32m[INFO][0m 检查 6/10: 日志文件清理
[0;32m[INFO][0m ✅ 日志清理完成
[0;32m[INFO][0m 检查 7/10: 磁盘空间检查
[0;32m[INFO][0m ✅ 磁盘使用率 2%，正常
[0;32m[INFO][0m 检查 8/10: 内容更新检查
[0;32m[INFO][0m ✅ 无新文章待发布
[0;32m[INFO][0m 检查 9/10: 生成巡检报告
[0;32m[INFO][0m ✅ 报告已生成: /Users/openmilo/clawall/claw-team/claw-admin/logs/summary-2026-02-27.md
[0;32m[INFO][0m 检查 10/10: 发送巡检通知
[0;31m[ERROR][0m ⚠️  巡检完成，发现异常需要处理
========================================
巡检维护完成时间: 07:00:08
========================================
========================================
OpenClaw 网站每日巡检维护
日期: 2026-02-27 08:00:01
执行者: claw-admin (自动化)
========================================
[0;32m[INFO][0m 检查 1/10: 网站服务状态
[0;31m[ERROR][0m ❌ 网站服务未运行，尝试重启...
[0;31m[ERROR][0m ❌ 网站服务重启失败，需要人工介入
[0;32m[INFO][0m 检查 2/10: 关键页面访问
[0;31m[ERROR][0m ❌ http://localhost:3000/ - HTTP 000
[0;31m[ERROR][0m ❌ http://localhost:3000/docs - HTTP 000
[0;31m[ERROR][0m ❌ http://localhost:3000/blog - HTTP 000
[0;31m[ERROR][0m ❌ http://localhost:3000/about - HTTP 000
[0;31m[ERROR][0m ❌ http://localhost:3000/docs/quickstart - HTTP 000
[0;31m[ERROR][0m ❌ http://localhost:3000/docs/install - HTTP 000
[1;33m[WARN][0m 发现 6 个页面异常
[0;32m[INFO][0m 检查 3/10: 网站构建测试
[0;31m[ERROR][0m ❌ 网站构建失败
[0;31m[ERROR][0m 构建日志: /tmp/build-test.log
[0;32m[INFO][0m 检查 4/10: Git 仓库状态
[0;32m[INFO][0m ✅ Git 仓库干净，无未提交更改
[0;32m[INFO][0m 检查 5/10: 依赖安全更新
[1;33m[WARN][0m 发现 0
0 个高危漏洞
[1;33m[WARN][0m 请手动运行: npm audit fix
[0;32m[INFO][0m 检查 6/10: 日志文件清理
[0;32m[INFO][0m ✅ 日志清理完成
[0;32m[INFO][0m 检查 7/10: 磁盘空间检查
[0;32m[INFO][0m ✅ 磁盘使用率 2%，正常
[0;32m[INFO][0m 检查 8/10: 内容更新检查
[0;32m[INFO][0m ✅ 无新文章待发布
[0;32m[INFO][0m 检查 9/10: 生成巡检报告
[0;32m[INFO][0m ✅ 报告已生成: /Users/openmilo/clawall/claw-team/claw-admin/logs/summary-2026-02-27.md
[0;32m[INFO][0m 检查 10/10: 发送巡检通知
[0;31m[ERROR][0m ⚠️  巡检完成，发现异常需要处理
========================================
巡检维护完成时间: 08:00:08
========================================
========================================
OpenClaw 网站每日巡检维护
日期: 2026-02-27 09:00:00
执行者: claw-admin (自动化)
========================================
========================================
OpenClaw 网站每日巡检维护
[0;32m[INFO][0m 检查 1/10: 网站服务状态
日期: 2026-02-27 09:00:00
执行者: claw-admin (自动化)
========================================
[0;32m[INFO][0m 检查 1/10: 网站服务状态
[0;31m[ERROR][0m ❌ 网站服务未运行，尝试重启...
[0;31m[ERROR][0m ❌ 网站服务未运行，尝试重启...
[0;31m[ERROR][0m ❌ 网站服务重启失败，需要人工介入
[0;32m[INFO][0m 检查 2/10: 关键页面访问
[0;31m[ERROR][0m ❌ 网站服务重启失败，需要人工介入
[0;32m[INFO][0m 检查 2/10: 关键页面访问
[0;31m[ERROR][0m ❌ http://localhost:3000/ - HTTP 000
[0;31m[ERROR][0m ❌ http://localhost:3000/ - HTTP 000
[0;31m[ERROR][0m ❌ http://localhost:3000/docs - HTTP 000
[0;31m[ERROR][0m ❌ http://localhost:3000/docs - HTTP 000
[0;31m[ERROR][0m ❌ http://localhost:3000/blog - HTTP 000
[0;31m[ERROR][0m ❌ http://localhost:3000/blog - HTTP 000
[0;31m[ERROR][0m ❌ http://localhost:3000/about - HTTP 000
[0;31m[ERROR][0m ❌ http://localhost:3000/about - HTTP 000
[0;31m[ERROR][0m ❌ http://localhost:3000/docs/quickstart - HTTP 000
[0;31m[ERROR][0m ❌ http://localhost:3000/docs/quickstart - HTTP 000
[0;31m[ERROR][0m ❌ http://localhost:3000/docs/install - HTTP 000
[0;31m[ERROR][0m ❌ http://localhost:3000/docs/install - HTTP 000
[1;33m[WARN][0m 发现 6 个页面异常
[1;33m[WARN][0m 发现 6 个页面异常
[0;32m[INFO][0m 检查 3/10: 网站构建测试
[0;32m[INFO][0m 检查 3/10: 网站构建测试
[0;31m[ERROR][0m ❌ 网站构建失败
[0;31m[ERROR][0m ❌ 网站构建失败
[0;31m[ERROR][0m 构建日志: /tmp/build-test.log
[0;31m[ERROR][0m 构建日志: /tmp/build-test.log
[0;32m[INFO][0m 检查 4/10: Git 仓库状态
[0;32m[INFO][0m 检查 4/10: Git 仓库状态
[0;32m[INFO][0m ✅ Git 仓库干净，无未提交更改
[0;32m[INFO][0m ✅ Git 仓库干净，无未提交更改
[0;32m[INFO][0m 检查 5/10: 依赖安全更新
[0;32m[INFO][0m 检查 5/10: 依赖安全更新
[1;33m[WARN][0m 发现 0
0 个高危漏洞
[1;33m[WARN][0m 发现 0
0 个高危漏洞
[1;33m[WARN][0m 请手动运行: npm audit fix
[1;33m[WARN][0m 请手动运行: npm audit fix
[0;32m[INFO][0m 检查 6/10: 日志文件清理
[0;32m[INFO][0m 检查 6/10: 日志文件清理
[0;32m[INFO][0m ✅ 日志清理完成
[0;32m[INFO][0m ✅ 日志清理完成
[0;32m[INFO][0m 检查 7/10: 磁盘空间检查
[0;32m[INFO][0m 检查 7/10: 磁盘空间检查
[0;32m[INFO][0m ✅ 磁盘使用率 2%，正常
[0;32m[INFO][0m ✅ 磁盘使用率 2%，正常
[0;32m[INFO][0m 检查 8/10: 内容更新检查
[0;32m[INFO][0m 检查 8/10: 内容更新检查
[0;32m[INFO][0m ✅ 无新文章待发布
[0;32m[INFO][0m ✅ 无新文章待发布
[0;32m[INFO][0m 检查 9/10: 生成巡检报告
[0;32m[INFO][0m 检查 9/10: 生成巡检报告
[0;32m[INFO][0m ✅ 报告已生成: /Users/openmilo/clawall/claw-team/claw-admin/logs/summary-2026-02-27.md
[0;32m[INFO][0m ✅ 报告已生成: /Users/openmilo/clawall/claw-team/claw-admin/logs/summary-2026-02-27.md
[0;32m[INFO][0m 检查 10/10: 发送巡检通知
[0;32m[INFO][0m 检查 10/10: 发送巡检通知
[0;31m[ERROR][0m ⚠️  巡检完成，发现异常需要处理
[0;31m[ERROR][0m ⚠️  巡检完成，发现异常需要处理
========================================
========================================
巡检维护完成时间: 09:00:08
巡检维护完成时间: 09:00:08
========================================
========================================
========================================
OpenClaw 网站每日巡检维护
日期: 2026-02-27 10:00:00
执行者: claw-admin (自动化)
========================================
[0;32m[INFO][0m 检查 1/10: 网站服务状态
[0;31m[ERROR][0m ❌ 网站服务未运行，尝试重启...
[0;31m[ERROR][0m ❌ 网站服务重启失败，需要人工介入
[0;32m[INFO][0m 检查 2/10: 关键页面访问
[0;31m[ERROR][0m ❌ http://localhost:3000/ - HTTP 000
[0;31m[ERROR][0m ❌ http://localhost:3000/docs - HTTP 000
[0;31m[ERROR][0m ❌ http://localhost:3000/blog - HTTP 000
[0;31m[ERROR][0m ❌ http://localhost:3000/about - HTTP 000
[0;31m[ERROR][0m ❌ http://localhost:3000/docs/quickstart - HTTP 000
[0;31m[ERROR][0m ❌ http://localhost:3000/docs/install - HTTP 000
[1;33m[WARN][0m 发现 6 个页面异常
[0;32m[INFO][0m 检查 3/10: 网站构建测试
[0;31m[ERROR][0m ❌ 网站构建失败
[0;31m[ERROR][0m 构建日志: /tmp/build-test.log
[0;32m[INFO][0m 检查 4/10: Git 仓库状态
[0;32m[INFO][0m ✅ Git 仓库干净，无未提交更改
[0;32m[INFO][0m 检查 5/10: 依赖安全更新
[1;33m[WARN][0m 发现 0
0 个高危漏洞
[1;33m[WARN][0m 请手动运行: npm audit fix
[0;32m[INFO][0m 检查 6/10: 日志文件清理
[0;32m[INFO][0m ✅ 日志清理完成
[0;32m[INFO][0m 检查 7/10: 磁盘空间检查
[0;32m[INFO][0m ✅ 磁盘使用率 2%，正常
[0;32m[INFO][0m 检查 8/10: 内容更新检查
[0;32m[INFO][0m ✅ 无新文章待发布
[0;32m[INFO][0m 检查 9/10: 生成巡检报告
[0;32m[INFO][0m ✅ 报告已生成: /Users/openmilo/clawall/claw-team/claw-admin/logs/summary-2026-02-27.md
[0;32m[INFO][0m 检查 10/10: 发送巡检通知
[0;31m[ERROR][0m ⚠️  巡检完成，发现异常需要处理
========================================
巡检维护完成时间: 10:00:08
========================================
========================================
OpenClaw 网站每日巡检维护
日期: 2026-02-27 12:00:00
执行者: claw-admin (自动化)
========================================
[0;32m[INFO][0m 检查 1/10: 网站服务状态
[0;31m[ERROR][0m ❌ 网站服务未运行，尝试重启...
[0;31m[ERROR][0m ❌ 网站服务重启失败，需要人工介入
[0;32m[INFO][0m 检查 2/10: 关键页面访问
[0;31m[ERROR][0m ❌ http://localhost:3000/ - HTTP 000
[0;31m[ERROR][0m ❌ http://localhost:3000/docs - HTTP 000
[0;31m[ERROR][0m ❌ http://localhost:3000/blog - HTTP 000
[0;31m[ERROR][0m ❌ http://localhost:3000/about - HTTP 000
[0;31m[ERROR][0m ❌ http://localhost:3000/docs/quickstart - HTTP 000
[0;31m[ERROR][0m ❌ http://localhost:3000/docs/install - HTTP 000
[1;33m[WARN][0m 发现 6 个页面异常
[0;32m[INFO][0m 检查 3/10: 网站构建测试
[0;31m[ERROR][0m ❌ 网站构建失败
[0;31m[ERROR][0m 构建日志: /tmp/build-test.log
[0;32m[INFO][0m 检查 4/10: Git 仓库状态
[0;32m[INFO][0m ✅ Git 仓库干净，无未提交更改
[0;32m[INFO][0m 检查 5/10: 依赖安全更新
[1;33m[WARN][0m 发现 0
0 个高危漏洞
[1;33m[WARN][0m 请手动运行: npm audit fix
[0;32m[INFO][0m 检查 6/10: 日志文件清理
[0;32m[INFO][0m ✅ 日志清理完成
[0;32m[INFO][0m 检查 7/10: 磁盘空间检查
[0;32m[INFO][0m ✅ 磁盘使用率 2%，正常
[0;32m[INFO][0m 检查 8/10: 内容更新检查
[0;32m[INFO][0m ✅ 无新文章待发布
[0;32m[INFO][0m 检查 9/10: 生成巡检报告
[0;32m[INFO][0m ✅ 报告已生成: /Users/openmilo/clawall/claw-team/claw-admin/logs/summary-2026-02-27.md
[0;32m[INFO][0m 检查 10/10: 发送巡检通知
[0;31m[ERROR][0m ⚠️  巡检完成，发现异常需要处理
========================================
巡检维护完成时间: 12:00:07
========================================
========================================
OpenClaw 网站每日巡检维护
日期: 2026-02-27 13:00:00
执行者: claw-admin (自动化)
========================================
[0;32m[INFO][0m 检查 1/10: 网站服务状态
[0;31m[ERROR][0m ❌ 网站服务未运行，尝试重启...
[0;31m[ERROR][0m ❌ 网站服务重启失败，需要人工介入
[0;32m[INFO][0m 检查 2/10: 关键页面访问
[0;31m[ERROR][0m ❌ http://localhost:3000/ - HTTP 000
[0;31m[ERROR][0m ❌ http://localhost:3000/docs - HTTP 000
[0;31m[ERROR][0m ❌ http://localhost:3000/blog - HTTP 000
[0;31m[ERROR][0m ❌ http://localhost:3000/about - HTTP 000
[0;31m[ERROR][0m ❌ http://localhost:3000/docs/quickstart - HTTP 000
[0;31m[ERROR][0m ❌ http://localhost:3000/docs/install - HTTP 000
[1;33m[WARN][0m 发现 6 个页面异常
[0;32m[INFO][0m 检查 3/10: 网站构建测试
[0;31m[ERROR][0m ❌ 网站构建失败
[0;31m[ERROR][0m 构建日志: /tmp/build-test.log
[0;32m[INFO][0m 检查 4/10: Git 仓库状态
[0;32m[INFO][0m ✅ Git 仓库干净，无未提交更改
[0;32m[INFO][0m 检查 5/10: 依赖安全更新
[1;33m[WARN][0m 发现 0
0 个高危漏洞
[1;33m[WARN][0m 请手动运行: npm audit fix
[0;32m[INFO][0m 检查 6/10: 日志文件清理
[0;32m[INFO][0m ✅ 日志清理完成
[0;32m[INFO][0m 检查 7/10: 磁盘空间检查
[0;32m[INFO][0m ✅ 磁盘使用率 2%，正常
[0;32m[INFO][0m 检查 8/10: 内容更新检查
[0;32m[INFO][0m ✅ 无新文章待发布
[0;32m[INFO][0m 检查 9/10: 生成巡检报告
[0;32m[INFO][0m ✅ 报告已生成: /Users/openmilo/clawall/claw-team/claw-admin/logs/summary-2026-02-27.md
[0;32m[INFO][0m 检查 10/10: 发送巡检通知
[0;31m[ERROR][0m ⚠️  巡检完成，发现异常需要处理
========================================
巡检维护完成时间: 13:00:07
========================================
========================================
OpenClaw 网站每日巡检维护
日期: 2026-02-27 14:00:00
执行者: claw-admin (自动化)
========================================
[0;32m[INFO][0m 检查 1/10: 网站服务状态
[0;31m[ERROR][0m ❌ 网站服务未运行，尝试重启...
[0;31m[ERROR][0m ❌ 网站服务重启失败，需要人工介入
[0;32m[INFO][0m 检查 2/10: 关键页面访问
[0;31m[ERROR][0m ❌ http://localhost:3000/ - HTTP 000
[0;31m[ERROR][0m ❌ http://localhost:3000/docs - HTTP 000
[0;31m[ERROR][0m ❌ http://localhost:3000/blog - HTTP 000
[0;31m[ERROR][0m ❌ http://localhost:3000/about - HTTP 000
[0;31m[ERROR][0m ❌ http://localhost:3000/docs/quickstart - HTTP 000
[0;31m[ERROR][0m ❌ http://localhost:3000/docs/install - HTTP 000
[1;33m[WARN][0m 发现 6 个页面异常
[0;32m[INFO][0m 检查 3/10: 网站构建测试
[0;31m[ERROR][0m ❌ 网站构建失败
[0;31m[ERROR][0m 构建日志: /tmp/build-test.log
[0;32m[INFO][0m 检查 4/10: Git 仓库状态
[0;32m[INFO][0m ✅ Git 仓库干净，无未提交更改
[0;32m[INFO][0m 检查 5/10: 依赖安全更新
[1;33m[WARN][0m 发现 0
0 个高危漏洞
[1;33m[WARN][0m 请手动运行: npm audit fix
[0;32m[INFO][0m 检查 6/10: 日志文件清理
[0;32m[INFO][0m ✅ 日志清理完成
[0;32m[INFO][0m 检查 7/10: 磁盘空间检查
[0;32m[INFO][0m ✅ 磁盘使用率 2%，正常
[0;32m[INFO][0m 检查 8/10: 内容更新检查
[0;32m[INFO][0m ✅ 无新文章待发布
[0;32m[INFO][0m 检查 9/10: 生成巡检报告
[0;32m[INFO][0m ✅ 报告已生成: /Users/openmilo/clawall/claw-team/claw-admin/logs/summary-2026-02-27.md
[0;32m[INFO][0m 检查 10/10: 发送巡检通知
[0;31m[ERROR][0m ⚠️  巡检完成，发现异常需要处理
========================================
巡检维护完成时间: 14:00:08
========================================
========================================
OpenClaw 网站每日巡检维护
日期: 2026-02-27 15:00:01
执行者: claw-admin (自动化)
========================================
[0;32m[INFO][0m 检查 1/10: 网站服务状态
[0;31m[ERROR][0m ❌ 网站服务未运行，尝试重启...
[0;31m[ERROR][0m ❌ 网站服务重启失败，需要人工介入
[0;32m[INFO][0m 检查 2/10: 关键页面访问
[0;31m[ERROR][0m ❌ http://localhost:3000/ - HTTP 000
[0;31m[ERROR][0m ❌ http://localhost:3000/docs - HTTP 000
[0;31m[ERROR][0m ❌ http://localhost:3000/blog - HTTP 000
[0;31m[ERROR][0m ❌ http://localhost:3000/about - HTTP 000
[0;31m[ERROR][0m ❌ http://localhost:3000/docs/quickstart - HTTP 000
[0;31m[ERROR][0m ❌ http://localhost:3000/docs/install - HTTP 000
[1;33m[WARN][0m 发现 6 个页面异常
[0;32m[INFO][0m 检查 3/10: 网站构建测试
[0;31m[ERROR][0m ❌ 网站构建失败
[0;31m[ERROR][0m 构建日志: /tmp/build-test.log
[0;32m[INFO][0m 检查 4/10: Git 仓库状态
[0;32m[INFO][0m ✅ Git 仓库干净，无未提交更改
[0;32m[INFO][0m 检查 5/10: 依赖安全更新
[1;33m[WARN][0m 发现 0
0 个高危漏洞
[1;33m[WARN][0m 请手动运行: npm audit fix
[0;32m[INFO][0m 检查 6/10: 日志文件清理
[0;32m[INFO][0m ✅ 日志清理完成
[0;32m[INFO][0m 检查 7/10: 磁盘空间检查
[0;32m[INFO][0m ✅ 磁盘使用率 2%，正常
[0;32m[INFO][0m 检查 8/10: 内容更新检查
[0;32m[INFO][0m ✅ 无新文章待发布
[0;32m[INFO][0m 检查 9/10: 生成巡检报告
[0;32m[INFO][0m ✅ 报告已生成: /Users/openmilo/clawall/claw-team/claw-admin/logs/summary-2026-02-27.md
[0;32m[INFO][0m 检查 10/10: 发送巡检通知
[0;31m[ERROR][0m ⚠️  巡检完成，发现异常需要处理
========================================
巡检维护完成时间: 15:00:08
========================================
[0;32m[INFO][0m 1. 检查本地网站构建状态...
[0;31m[ERROR][0m ❌ 本地构建失败
[0;32m[INFO][0m 1. 检查本地网站构建状态...
[0;31m[ERROR][0m ❌ 本地构建失败
[0;32m[INFO][0m 1. 检查本地网站构建状态...
[0;31m[ERROR][0m ❌ 本地构建失败
[0;32m[INFO][0m 1. 检查本地网站构建状态...
[0;31m[ERROR][0m ❌ 本地构建失败
[0;32m[INFO][0m 1. 检查本地网站构建状态...
[0;31m[ERROR][0m ❌ 本地构建失败
[0;32m[INFO][0m 1. 检查本地网站构建状态...
[0;31m[ERROR][0m ❌ 本地构建失败
[0;32m[INFO][0m 1. 检查本地网站构建状态...
[0;31m[ERROR][0m ❌ 本地构建失败
[0;32m[INFO][0m 1. 检查本地网站构建状态...
[0;31m[ERROR][0m ❌ 本地构建失败
[0;32m[INFO][0m 1. 检查本地网站构建状态...
[0;31m[ERROR][0m ❌ 本地构建失败
[0;32m[INFO][0m 1. 检查本地网站构建状态...
[0;31m[ERROR][0m ❌ 本地构建失败
[0;32m[INFO][0m 1. 检查本地网站构建状态...
[0;31m[ERROR][0m ❌ 本地构建失败
[0;32m[INFO][0m 1. 检查本地网站构建状态...
[0;31m[ERROR][0m ❌ 本地构建失败
[0;32m[INFO][0m 1. 检查本地网站构建状态...
[0;31m[ERROR][0m ❌ 本地构建失败
[0;32m[INFO][0m 1. 检查本地网站构建状态...
[0;31m[ERROR][0m ❌ 本地构建失败
[0;32m[INFO][0m 1. 检查本地网站构建状态...
[0;31m[ERROR][0m ❌ 本地构建失败
[0;32m[INFO][0m 1. 检查本地网站构建状态...
[0;31m[ERROR][0m ❌ 本地构建失败
[0;32m[INFO][0m 1. 检查本地网站构建状态...
[0;31m[ERROR][0m ❌ 本地构建失败
[0;32m[INFO][0m 1. 检查本地网站构建状态...
[0;31m[ERROR][0m ❌ 本地构建失败
[0;32m[INFO][0m 1. 检查本地网站构建状态...
[0;31m[ERROR][0m ❌ 本地构建失败
[0;32m[INFO][0m 1. 检查本地网站构建状态...
[0;31m[ERROR][0m ❌ 本地构建失败
[0;32m[INFO][0m 1. 检查本地网站构建状态...
[0;31m[ERROR][0m ❌ 本地构建失败
[0;32m[INFO][0m 1. 检查本地网站构建状态...
[0;31m[ERROR][0m ❌ 本地构建失败
[0;32m[INFO][0m 1. 检查本地网站构建状态...
[0;31m[ERROR][0m ❌ 本地构建失败
[0;32m[INFO][0m 1. 检查本地网站构建状态...
[0;31m[ERROR][0m ❌ 本地构建失败
[0;32m[INFO][0m 1. 检查本地网站构建状态...
[0;31m[ERROR][0m ❌ 本地构建失败
[0;32m[INFO][0m 1. 检查本地网站构建状态...
[0;31m[ERROR][0m ❌ 本地构建失败
[0;32m[INFO][0m 1. 检查本地网站构建状态...
[0;31m[ERROR][0m ❌ 本地构建失败
[0;32m[INFO][0m 1. 检查本地网站构建状态...
[0;31m[ERROR][0m ❌ 本地构建失败
[0;32m[INFO][0m 1. 检查本地网站构建状态...
[0;32m[INFO][0m ✅ 本地构建成功
[0;32m[INFO][0m 2. 部署到生产服务器...
[0;32m[INFO][0m ✅ 部署成功
[0;32m[INFO][0m 3. 检查服务器网站状态...
[0;32m[INFO][0m ✅ 网站访问正常 (HTTP 200)
[0;32m[INFO][0m 4. 检查并同步 Git...
[0;32m[INFO][0m ✅ Git 推送成功
[0;32m[INFO][0m 5. 运行安全检查...
[0;32m[INFO][0m ✅ 无高危安全漏洞
[0;32m[INFO][0m 6. 检查磁盘空间...
[0;32m[INFO][0m ✅ 磁盘空间充足: 2%
[0;32m[INFO][0m 7. 清理旧日志...
[0;32m[INFO][0m ✅ 已清理 30 天前的日志
[0;32m[INFO][0m ✅ 已清理 npm 缓存
[0;32m[INFO][0m 维护任务完成！
[0;32m[INFO][0m 摘要: /Users/openmilo/clawall/claw-team/claw-admin/logs/summary-2026-03-01.md
[0;32m[INFO][0m 日志: /Users/openmilo/clawall/claw-team/claw-admin/logs/maintenance-2026-03-01.log
[0;32m[INFO][0m 1. 检查本地网站构建状态...
[0;32m[INFO][0m ✅ 本地构建成功
[0;32m[INFO][0m 2. 部署到生产服务器...
[0;32m[INFO][0m ✅ 部署成功
[0;32m[INFO][0m 3. 检查服务器网站状态...
[0;32m[INFO][0m ✅ 网站访问正常 (HTTP 200)
[0;32m[INFO][0m 4. 检查并同步 Git...
[0;32m[INFO][0m ✅ Git 推送成功
[0;32m[INFO][0m 5. 运行安全检查...
[0;32m[INFO][0m ✅ 无高危安全漏洞
[0;32m[INFO][0m 6. 检查磁盘空间...
[0;32m[INFO][0m ✅ 磁盘空间充足: 2%
[0;32m[INFO][0m 7. 清理旧日志...
[0;32m[INFO][0m ✅ 已清理 30 天前的日志
[0;32m[INFO][0m ✅ 已清理 npm 缓存
[0;32m[INFO][0m 维护任务完成！
[0;32m[INFO][0m 摘要: /Users/openmilo/clawall/claw-team/claw-admin/logs/summary-2026-03-01.md
[0;32m[INFO][0m 日志: /Users/openmilo/clawall/claw-team/claw-admin/logs/maintenance-2026-03-01.log
[0;32m[INFO][0m 1. 检查本地网站构建状态...
[0;32m[INFO][0m ✅ 本地构建成功
[0;32m[INFO][0m 2. 部署到生产服务器...
[0;32m[INFO][0m ✅ 部署成功
[0;32m[INFO][0m 3. 检查服务器网站状态...
[0;32m[INFO][0m ✅ 网站访问正常 (HTTP 200)
[0;32m[INFO][0m 4. 检查并同步 Git...
[0;32m[INFO][0m ✅ Git 推送成功
[0;32m[INFO][0m 5. 运行安全检查...
[0;32m[INFO][0m ✅ 无高危安全漏洞
[0;32m[INFO][0m 6. 检查磁盘空间...
[0;32m[INFO][0m ✅ 磁盘空间充足: 2%
[0;32m[INFO][0m 7. 清理旧日志...
[0;32m[INFO][0m ✅ 已清理 30 天前的日志
[0;32m[INFO][0m ✅ 已清理 npm 缓存
[0;32m[INFO][0m 维护任务完成！
[0;32m[INFO][0m 摘要: /Users/openmilo/clawall/claw-team/claw-admin/logs/summary-2026-03-01.md
[0;32m[INFO][0m 日志: /Users/openmilo/clawall/claw-team/claw-admin/logs/maintenance-2026-03-01.log
[0;32m[INFO][0m 1. 检查本地网站构建状态...
[0;32m[INFO][0m ✅ 本地构建成功
[0;32m[INFO][0m 2. 部署到生产服务器...
[0;32m[INFO][0m ✅ 部署成功
[0;32m[INFO][0m 3. 检查服务器网站状态...
[0;32m[INFO][0m ✅ 网站访问正常 (HTTP 200)
[0;32m[INFO][0m 4. 检查并同步 Git...
[0;32m[INFO][0m ✅ Git 推送成功
[0;32m[INFO][0m 5. 运行安全检查...
[0;32m[INFO][0m ✅ 无高危安全漏洞
[0;32m[INFO][0m 6. 检查磁盘空间...
[0;32m[INFO][0m ✅ 磁盘空间充足: 2%
[0;32m[INFO][0m 7. 清理旧日志...
[0;32m[INFO][0m ✅ 已清理 30 天前的日志
[0;32m[INFO][0m ✅ 已清理 npm 缓存
[0;32m[INFO][0m 维护任务完成！
[0;32m[INFO][0m 摘要: /Users/openmilo/clawall/claw-team/claw-admin/logs/summary-2026-03-01.md
[0;32m[INFO][0m 日志: /Users/openmilo/clawall/claw-team/claw-admin/logs/maintenance-2026-03-01.log
[0;32m[INFO][0m 1. 检查本地网站构建状态...
[0;32m[INFO][0m ✅ 本地构建成功
[0;32m[INFO][0m 2. 部署到生产服务器...
[0;32m[INFO][0m ✅ 部署成功
[0;32m[INFO][0m 3. 检查服务器网站状态...
[0;32m[INFO][0m ✅ 网站访问正常 (HTTP 200)
[0;32m[INFO][0m 4. 检查并同步 Git...
[0;32m[INFO][0m ✅ Git 推送成功
[0;32m[INFO][0m 5. 运行安全检查...
[0;32m[INFO][0m ✅ 无高危安全漏洞
[0;32m[INFO][0m 6. 检查磁盘空间...
[0;32m[INFO][0m ✅ 磁盘空间充足: 2%
[0;32m[INFO][0m 7. 清理旧日志...
[0;32m[INFO][0m ✅ 已清理 30 天前的日志
[0;32m[INFO][0m ✅ 已清理 npm 缓存
[0;32m[INFO][0m 维护任务完成！
[0;32m[INFO][0m 摘要: /Users/openmilo/clawall/claw-team/claw-admin/logs/summary-2026-03-01.md
[0;32m[INFO][0m 日志: /Users/openmilo/clawall/claw-team/claw-admin/logs/maintenance-2026-03-01.log
[0;32m[INFO][0m 1. 检查本地网站构建状态...
[0;32m[INFO][0m ✅ 本地构建成功
[0;32m[INFO][0m 2. 部署到生产服务器...
[0;32m[INFO][0m ✅ 部署成功
[0;32m[INFO][0m 3. 检查服务器网站状态...
[0;32m[INFO][0m ✅ 网站访问正常 (HTTP 200)
[0;32m[INFO][0m 4. 检查并同步 Git...
[0;32m[INFO][0m ✅ Git 推送成功
[0;32m[INFO][0m 5. 运行安全检查...
[0;32m[INFO][0m ✅ 无高危安全漏洞
[0;32m[INFO][0m 6. 检查磁盘空间...
[0;32m[INFO][0m ✅ 磁盘空间充足: 2%
[0;32m[INFO][0m 7. 清理旧日志...
[0;32m[INFO][0m ✅ 已清理 30 天前的日志
[0;32m[INFO][0m 维护任务完成！
[0;32m[INFO][0m 摘要: /Users/openmilo/clawall/claw-team/claw-admin/logs/summary-2026-03-02.md
[0;32m[INFO][0m 日志: /Users/openmilo/clawall/claw-team/claw-admin/logs/maintenance-2026-03-02.log
[0;32m[INFO][0m 1. 检查本地网站构建状态...
[0;32m[INFO][0m ✅ 本地构建成功
[0;32m[INFO][0m 2. 部署到生产服务器...
[0;32m[INFO][0m ✅ 部署成功
[0;32m[INFO][0m 3. 检查服务器网站状态...
[0;32m[INFO][0m ✅ 网站访问正常 (HTTP 200)
[0;32m[INFO][0m 4. 检查并同步 Git...
[0;32m[INFO][0m ✅ Git 推送成功
[0;32m[INFO][0m 5. 运行安全检查...
[0;32m[INFO][0m ✅ 无高危安全漏洞
[0;32m[INFO][0m 6. 检查磁盘空间...
[0;32m[INFO][0m ✅ 磁盘空间充足: 2%
[0;32m[INFO][0m 7. 清理旧日志...
[0;32m[INFO][0m ✅ 已清理 30 天前的日志
[0;32m[INFO][0m 维护任务完成！
[0;32m[INFO][0m 摘要: /Users/openmilo/clawall/claw-team/claw-admin/logs/summary-2026-03-02.md
[0;32m[INFO][0m 日志: /Users/openmilo/clawall/claw-team/claw-admin/logs/maintenance-2026-03-02.log
[0;32m[INFO][0m 1. 检查本地网站构建状态...
[0;32m[INFO][0m ✅ 本地构建成功
[0;32m[INFO][0m 2. 部署到生产服务器...
[0;32m[INFO][0m ✅ 部署成功
[0;32m[INFO][0m 3. 检查服务器网站状态...
[0;32m[INFO][0m ✅ 网站访问正常 (HTTP 200)
[0;32m[INFO][0m 4. 检查并同步 Git...
[0;32m[INFO][0m ✅ Git 推送成功
[0;32m[INFO][0m 5. 运行安全检查...
[0;32m[INFO][0m ✅ 无高危安全漏洞
[0;32m[INFO][0m 6. 检查磁盘空间...
[0;32m[INFO][0m ✅ 磁盘空间充足: 2%
[0;32m[INFO][0m 7. 清理旧日志...
[0;32m[INFO][0m ✅ 已清理 30 天前的日志
[0;32m[INFO][0m 维护任务完成！
[0;32m[INFO][0m 摘要: /Users/openmilo/clawall/claw-team/claw-admin/logs/summary-2026-03-02.md
[0;32m[INFO][0m 日志: /Users/openmilo/clawall/claw-team/claw-admin/logs/maintenance-2026-03-02.log
[0;32m[INFO][0m 1. 检查本地网站构建状态...
[0;32m[INFO][0m ✅ 本地构建成功
[0;32m[INFO][0m 2. 部署到生产服务器...
[0;32m[INFO][0m ✅ 部署成功
[0;32m[INFO][0m 3. 检查服务器网站状态...
[0;32m[INFO][0m ✅ 网站访问正常 (HTTP 200)
[0;32m[INFO][0m 4. 检查并同步 Git...
[0;32m[INFO][0m ✅ Git 推送成功
[0;32m[INFO][0m 5. 运行安全检查...
[0;32m[INFO][0m ✅ 无高危安全漏洞
[0;32m[INFO][0m 6. 检查磁盘空间...
[0;32m[INFO][0m ✅ 磁盘空间充足: 2%
[0;32m[INFO][0m 7. 清理旧日志...
[0;32m[INFO][0m ✅ 已清理 30 天前的日志
[0;32m[INFO][0m 维护任务完成！
[0;32m[INFO][0m 摘要: /Users/openmilo/clawall/claw-team/claw-admin/logs/summary-2026-03-02.md
[0;32m[INFO][0m 日志: /Users/openmilo/clawall/claw-team/claw-admin/logs/maintenance-2026-03-02.log
[0;32m[INFO][0m 1. 检查本地网站构建状态...
[0;32m[INFO][0m ✅ 本地构建成功
[0;32m[INFO][0m 2. 部署到生产服务器...
[0;32m[INFO][0m ✅ 部署成功
[0;32m[INFO][0m 3. 检查服务器网站状态...
[0;32m[INFO][0m ✅ 网站访问正常 (HTTP 200)
[0;32m[INFO][0m 4. 检查并同步 Git...
[0;32m[INFO][0m ✅ Git 推送成功
[0;32m[INFO][0m 5. 运行安全检查...
[0;32m[INFO][0m ✅ 无高危安全漏洞
[0;32m[INFO][0m 6. 检查磁盘空间...
[0;32m[INFO][0m ✅ 磁盘空间充足: 2%
[0;32m[INFO][0m 7. 清理旧日志...
[0;32m[INFO][0m ✅ 已清理 30 天前的日志
[0;32m[INFO][0m 维护任务完成！
[0;32m[INFO][0m 摘要: /Users/openmilo/clawall/claw-team/claw-admin/logs/summary-2026-03-02.md
[0;32m[INFO][0m 日志: /Users/openmilo/clawall/claw-team/claw-admin/logs/maintenance-2026-03-02.log
[0;32m[INFO][0m 1. 检查本地网站构建状态...
[0;32m[INFO][0m ✅ 本地构建成功
[0;32m[INFO][0m 2. 部署到生产服务器...
[0;32m[INFO][0m ✅ 部署成功
[0;32m[INFO][0m 3. 检查服务器网站状态...
[0;32m[INFO][0m ✅ 网站访问正常 (HTTP 200)
[0;32m[INFO][0m 4. 检查并同步 Git...
[0;32m[INFO][0m ✅ Git 推送成功
[0;32m[INFO][0m 5. 运行安全检查...
[0;32m[INFO][0m ✅ 无高危安全漏洞
[0;32m[INFO][0m 6. 检查磁盘空间...
[0;32m[INFO][0m ✅ 磁盘空间充足: 2%
[0;32m[INFO][0m 7. 清理旧日志...
[0;32m[INFO][0m ✅ 已清理 30 天前的日志
[0;32m[INFO][0m 维护任务完成！
[0;32m[INFO][0m 摘要: /Users/openmilo/clawall/claw-team/claw-admin/logs/summary-2026-03-03.md
[0;32m[INFO][0m 日志: /Users/openmilo/clawall/claw-team/claw-admin/logs/maintenance-2026-03-03.log
