========================================
OpenClaw 网站每日巡检维护
日期: 2026-02-26 11:00:01
执行者: claw-admin (自动化)
========================================
[0;32m[INFO][0m 检查 1/10: 网站服务状态
[0;31m[ERROR][0m ❌ 网站服务未运行，尝试重启...
[0;31m[ERROR][0m ❌ 网站服务重启失败，需要人工介入
[0;32m[INFO][0m 检查 2/10: 关键页面访问
[0;31m[ERROR][0m ❌ http://localhost:3000/ - HTTP 000
[0;31m[ERROR][0m ❌ http://localhost:3000/docs - HTTP 000
[0;31m[ERROR][0m ❌ http://localhost:3000/blog - HTTP 000
[0;31m[ERROR][0m ❌ http://localhost:3000/about - HTTP 000
[0;31m[ERROR][0m ❌ http://localhost:3000/docs/quickstart - HTTP 000
[0;31m[ERROR][0m ❌ http://localhost:3000/docs/install - HTTP 000
[1;33m[WARN][0m 发现 6 个页面异常
[0;32m[INFO][0m 检查 3/10: 网站构建测试
[0;31m[ERROR][0m ❌ 网站构建失败
[0;31m[ERROR][0m 构建日志: /tmp/build-test.log
[0;32m[INFO][0m 检查 4/10: Git 仓库状态
[1;33m[WARN][0m 发现       11 个未提交更改
[0;32m[INFO][0m 自动提交更改...
[0;32m[INFO][0m ✅ 自动提交成功
[0;32m[INFO][0m ✅ 自动推送成功
[0;32m[INFO][0m 检查 5/10: 依赖安全更新
[1;33m[WARN][0m 发现 0
0 个高危漏洞
[1;33m[WARN][0m 请手动运行: npm audit fix
[0;32m[INFO][0m 检查 6/10: 日志文件清理
[0;32m[INFO][0m ✅ 日志清理完成
[0;32m[INFO][0m 检查 7/10: 磁盘空间检查
[0;32m[INFO][0m ✅ 磁盘使用率 2%，正常
[0;32m[INFO][0m 检查 8/10: 内容更新检查
[0;32m[INFO][0m ✅ 无新文章待发布
[0;32m[INFO][0m 检查 9/10: 生成巡检报告
[0;32m[INFO][0m ✅ 报告已生成: /Users/openmilo/clawall/claw-team/claw-admin/logs/summary-2026-02-26.md
[0;32m[INFO][0m 检查 10/10: 发送巡检通知
[0;31m[ERROR][0m ⚠️  巡检完成，发现异常需要处理
========================================
巡检维护完成时间: 11:00:19
========================================
========================================
OpenClaw 网站每日巡检维护
日期: 2026-02-26 12:00:00
执行者: claw-admin (自动化)
========================================
[0;32m[INFO][0m 检查 1/10: 网站服务状态
[0;31m[ERROR][0m ❌ 网站服务未运行，尝试重启...
[0;31m[ERROR][0m ❌ 网站服务重启失败，需要人工介入
[0;32m[INFO][0m 检查 2/10: 关键页面访问
[0;31m[ERROR][0m ❌ http://localhost:3000/ - HTTP 000
[0;31m[ERROR][0m ❌ http://localhost:3000/docs - HTTP 000
[0;31m[ERROR][0m ❌ http://localhost:3000/blog - HTTP 000
[0;31m[ERROR][0m ❌ http://localhost:3000/about - HTTP 000
[0;31m[ERROR][0m ❌ http://localhost:3000/docs/quickstart - HTTP 000
[0;31m[ERROR][0m ❌ http://localhost:3000/docs/install - HTTP 000
[1;33m[WARN][0m 发现 6 个页面异常
[0;32m[INFO][0m 检查 3/10: 网站构建测试
[0;31m[ERROR][0m ❌ 网站构建失败
[0;31m[ERROR][0m 构建日志: /tmp/build-test.log
[0;32m[INFO][0m 检查 4/10: Git 仓库状态
[0;32m[INFO][0m ✅ Git 仓库干净，无未提交更改
[0;32m[INFO][0m 检查 5/10: 依赖安全更新
[1;33m[WARN][0m 发现 0
0 个高危漏洞
[1;33m[WARN][0m 请手动运行: npm audit fix
[0;32m[INFO][0m 检查 6/10: 日志文件清理
[0;32m[INFO][0m ✅ 日志清理完成
[0;32m[INFO][0m 检查 7/10: 磁盘空间检查
[0;32m[INFO][0m ✅ 磁盘使用率 2%，正常
[0;32m[INFO][0m 检查 8/10: 内容更新检查
[0;32m[INFO][0m ✅ 无新文章待发布
[0;32m[INFO][0m 检查 9/10: 生成巡检报告
[0;32m[INFO][0m ✅ 报告已生成: /Users/openmilo/clawall/claw-team/claw-admin/logs/summary-2026-02-26.md
[0;32m[INFO][0m 检查 10/10: 发送巡检通知
[0;31m[ERROR][0m ⚠️  巡检完成，发现异常需要处理
========================================
巡检维护完成时间: 12:00:08
========================================
========================================
OpenClaw 网站每日巡检维护
日期: 2026-02-26 13:00:00
执行者: claw-admin (自动化)
========================================
[0;32m[INFO][0m 检查 1/10: 网站服务状态
[0;31m[ERROR][0m ❌ 网站服务未运行，尝试重启...
[0;31m[ERROR][0m ❌ 网站服务重启失败，需要人工介入
[0;32m[INFO][0m 检查 2/10: 关键页面访问
[0;31m[ERROR][0m ❌ http://localhost:3000/ - HTTP 000
[0;31m[ERROR][0m ❌ http://localhost:3000/docs - HTTP 000
[0;31m[ERROR][0m ❌ http://localhost:3000/blog - HTTP 000
[0;31m[ERROR][0m ❌ http://localhost:3000/about - HTTP 000
[0;31m[ERROR][0m ❌ http://localhost:3000/docs/quickstart - HTTP 000
[0;31m[ERROR][0m ❌ http://localhost:3000/docs/install - HTTP 000
[1;33m[WARN][0m 发现 6 个页面异常
[0;32m[INFO][0m 检查 3/10: 网站构建测试
[0;31m[ERROR][0m ❌ 网站构建失败
[0;31m[ERROR][0m 构建日志: /tmp/build-test.log
[0;32m[INFO][0m 检查 4/10: Git 仓库状态
[0;32m[INFO][0m ✅ Git 仓库干净，无未提交更改
[0;32m[INFO][0m 检查 5/10: 依赖安全更新
[1;33m[WARN][0m 发现 0
0 个高危漏洞
[1;33m[WARN][0m 请手动运行: npm audit fix
[0;32m[INFO][0m 检查 6/10: 日志文件清理
[0;32m[INFO][0m ✅ 日志清理完成
[0;32m[INFO][0m 检查 7/10: 磁盘空间检查
[0;32m[INFO][0m ✅ 磁盘使用率 2%，正常
[0;32m[INFO][0m 检查 8/10: 内容更新检查
[0;32m[INFO][0m ✅ 无新文章待发布
[0;32m[INFO][0m 检查 9/10: 生成巡检报告
[0;32m[INFO][0m ✅ 报告已生成: /Users/openmilo/clawall/claw-team/claw-admin/logs/summary-2026-02-26.md
[0;32m[INFO][0m 检查 10/10: 发送巡检通知
[0;31m[ERROR][0m ⚠️  巡检完成，发现异常需要处理
========================================
巡检维护完成时间: 13:00:07
========================================
========================================
OpenClaw 网站每日巡检维护
日期: 2026-02-26 14:00:01
执行者: claw-admin (自动化)
========================================
[0;32m[INFO][0m 检查 1/10: 网站服务状态
[0;31m[ERROR][0m ❌ 网站服务未运行，尝试重启...
[0;31m[ERROR][0m ❌ 网站服务重启失败，需要人工介入
[0;32m[INFO][0m 检查 2/10: 关键页面访问
[0;31m[ERROR][0m ❌ http://localhost:3000/ - HTTP 000
[0;31m[ERROR][0m ❌ http://localhost:3000/docs - HTTP 000
[0;31m[ERROR][0m ❌ http://localhost:3000/blog - HTTP 000
[0;31m[ERROR][0m ❌ http://localhost:3000/about - HTTP 000
[0;31m[ERROR][0m ❌ http://localhost:3000/docs/quickstart - HTTP 000
[0;31m[ERROR][0m ❌ http://localhost:3000/docs/install - HTTP 000
[1;33m[WARN][0m 发现 6 个页面异常
[0;32m[INFO][0m 检查 3/10: 网站构建测试
[0;31m[ERROR][0m ❌ 网站构建失败
[0;31m[ERROR][0m 构建日志: /tmp/build-test.log
[0;32m[INFO][0m 检查 4/10: Git 仓库状态
[0;32m[INFO][0m ✅ Git 仓库干净，无未提交更改
[0;32m[INFO][0m 检查 5/10: 依赖安全更新
[1;33m[WARN][0m 发现 0
0 个高危漏洞
[1;33m[WARN][0m 请手动运行: npm audit fix
[0;32m[INFO][0m 检查 6/10: 日志文件清理
[0;32m[INFO][0m ✅ 日志清理完成
[0;32m[INFO][0m 检查 7/10: 磁盘空间检查
[0;32m[INFO][0m ✅ 磁盘使用率 2%，正常
[0;32m[INFO][0m 检查 8/10: 内容更新检查
[0;32m[INFO][0m ✅ 无新文章待发布
[0;32m[INFO][0m 检查 9/10: 生成巡检报告
[0;32m[INFO][0m ✅ 报告已生成: /Users/openmilo/clawall/claw-team/claw-admin/logs/summary-2026-02-26.md
[0;32m[INFO][0m 检查 10/10: 发送巡检通知
[0;31m[ERROR][0m ⚠️  巡检完成，发现异常需要处理
========================================
巡检维护完成时间: 14:00:08
========================================
========================================
OpenClaw 网站每日巡检维护
日期: 2026-02-26 15:00:00
执行者: claw-admin (自动化)
========================================
[0;32m[INFO][0m 检查 1/10: 网站服务状态
[0;31m[ERROR][0m ❌ 网站服务未运行，尝试重启...
[0;31m[ERROR][0m ❌ 网站服务重启失败，需要人工介入
[0;32m[INFO][0m 检查 2/10: 关键页面访问
[0;31m[ERROR][0m ❌ http://localhost:3000/ - HTTP 000
[0;31m[ERROR][0m ❌ http://localhost:3000/docs - HTTP 000
[0;31m[ERROR][0m ❌ http://localhost:3000/blog - HTTP 000
[0;31m[ERROR][0m ❌ http://localhost:3000/about - HTTP 000
[0;31m[ERROR][0m ❌ http://localhost:3000/docs/quickstart - HTTP 000
[0;31m[ERROR][0m ❌ http://localhost:3000/docs/install - HTTP 000
[1;33m[WARN][0m 发现 6 个页面异常
[0;32m[INFO][0m 检查 3/10: 网站构建测试
[0;31m[ERROR][0m ❌ 网站构建失败
[0;31m[ERROR][0m 构建日志: /tmp/build-test.log
[0;32m[INFO][0m 检查 4/10: Git 仓库状态
[0;32m[INFO][0m ✅ Git 仓库干净，无未提交更改
[0;32m[INFO][0m 检查 5/10: 依赖安全更新
[1;33m[WARN][0m 发现 0
0 个高危漏洞
[1;33m[WARN][0m 请手动运行: npm audit fix
[0;32m[INFO][0m 检查 6/10: 日志文件清理
[0;32m[INFO][0m ✅ 日志清理完成
[0;32m[INFO][0m 检查 7/10: 磁盘空间检查
[0;32m[INFO][0m ✅ 磁盘使用率 2%，正常
[0;32m[INFO][0m 检查 8/10: 内容更新检查
[0;32m[INFO][0m ✅ 无新文章待发布
[0;32m[INFO][0m 检查 9/10: 生成巡检报告
[0;32m[INFO][0m ✅ 报告已生成: /Users/openmilo/clawall/claw-team/claw-admin/logs/summary-2026-02-26.md
[0;32m[INFO][0m 检查 10/10: 发送巡检通知
[0;31m[ERROR][0m ⚠️  巡检完成，发现异常需要处理
========================================
巡检维护完成时间: 15:00:08
========================================
========================================
OpenClaw 网站每日巡检维护
日期: 2026-02-26 16:00:00
执行者: claw-admin (自动化)
========================================
[0;32m[INFO][0m 检查 1/10: 网站服务状态
[0;31m[ERROR][0m ❌ 网站服务未运行，尝试重启...
[0;31m[ERROR][0m ❌ 网站服务重启失败，需要人工介入
[0;32m[INFO][0m 检查 2/10: 关键页面访问
[0;31m[ERROR][0m ❌ http://localhost:3000/ - HTTP 000
[0;31m[ERROR][0m ❌ http://localhost:3000/docs - HTTP 000
[0;31m[ERROR][0m ❌ http://localhost:3000/blog - HTTP 000
[0;31m[ERROR][0m ❌ http://localhost:3000/about - HTTP 000
[0;31m[ERROR][0m ❌ http://localhost:3000/docs/quickstart - HTTP 000
[0;31m[ERROR][0m ❌ http://localhost:3000/docs/install - HTTP 000
[1;33m[WARN][0m 发现 6 个页面异常
[0;32m[INFO][0m 检查 3/10: 网站构建测试
[0;31m[ERROR][0m ❌ 网站构建失败
[0;31m[ERROR][0m 构建日志: /tmp/build-test.log
[0;32m[INFO][0m 检查 4/10: Git 仓库状态
[0;32m[INFO][0m ✅ Git 仓库干净，无未提交更改
[0;32m[INFO][0m 检查 5/10: 依赖安全更新
[1;33m[WARN][0m 发现 0
0 个高危漏洞
[1;33m[WARN][0m 请手动运行: npm audit fix
[0;32m[INFO][0m 检查 6/10: 日志文件清理
[0;32m[INFO][0m ✅ 日志清理完成
[0;32m[INFO][0m 检查 7/10: 磁盘空间检查
[0;32m[INFO][0m ✅ 磁盘使用率 2%，正常
[0;32m[INFO][0m 检查 8/10: 内容更新检查
[0;32m[INFO][0m ✅ 无新文章待发布
[0;32m[INFO][0m 检查 9/10: 生成巡检报告
[0;32m[INFO][0m ✅ 报告已生成: /Users/openmilo/clawall/claw-team/claw-admin/logs/summary-2026-02-26.md
[0;32m[INFO][0m 检查 10/10: 发送巡检通知
[0;31m[ERROR][0m ⚠️  巡检完成，发现异常需要处理
========================================
巡检维护完成时间: 16:00:08
========================================
========================================
OpenClaw 网站每日巡检维护
日期: 2026-02-26 17:00:00
执行者: claw-admin (自动化)
========================================
[0;32m[INFO][0m 检查 1/10: 网站服务状态
[0;31m[ERROR][0m ❌ 网站服务未运行，尝试重启...
[0;31m[ERROR][0m ❌ 网站服务重启失败，需要人工介入
[0;32m[INFO][0m 检查 2/10: 关键页面访问
[0;31m[ERROR][0m ❌ http://localhost:3000/ - HTTP 000
[0;31m[ERROR][0m ❌ http://localhost:3000/docs - HTTP 000
[0;31m[ERROR][0m ❌ http://localhost:3000/blog - HTTP 000
[0;31m[ERROR][0m ❌ http://localhost:3000/about - HTTP 000
[0;31m[ERROR][0m ❌ http://localhost:3000/docs/quickstart - HTTP 000
[0;31m[ERROR][0m ❌ http://localhost:3000/docs/install - HTTP 000
[1;33m[WARN][0m 发现 6 个页面异常
[0;32m[INFO][0m 检查 3/10: 网站构建测试
[0;31m[ERROR][0m ❌ 网站构建失败
[0;31m[ERROR][0m 构建日志: /tmp/build-test.log
[0;32m[INFO][0m 检查 4/10: Git 仓库状态
[0;32m[INFO][0m ✅ Git 仓库干净，无未提交更改
[0;32m[INFO][0m 检查 5/10: 依赖安全更新
[1;33m[WARN][0m 发现 0
0 个高危漏洞
[1;33m[WARN][0m 请手动运行: npm audit fix
[0;32m[INFO][0m 检查 6/10: 日志文件清理
[0;32m[INFO][0m ✅ 日志清理完成
[0;32m[INFO][0m 检查 7/10: 磁盘空间检查
[0;32m[INFO][0m ✅ 磁盘使用率 2%，正常
[0;32m[INFO][0m 检查 8/10: 内容更新检查
[0;32m[INFO][0m ✅ 无新文章待发布
[0;32m[INFO][0m 检查 9/10: 生成巡检报告
[0;32m[INFO][0m ✅ 报告已生成: /Users/openmilo/clawall/claw-team/claw-admin/logs/summary-2026-02-26.md
[0;32m[INFO][0m 检查 10/10: 发送巡检通知
[0;31m[ERROR][0m ⚠️  巡检完成，发现异常需要处理
========================================
巡检维护完成时间: 17:00:08
========================================
========================================
OpenClaw 网站每日巡检维护
日期: 2026-02-26 18:00:00
执行者: claw-admin (自动化)
========================================
[0;32m[INFO][0m 检查 1/10: 网站服务状态
[0;31m[ERROR][0m ❌ 网站服务未运行，尝试重启...
[0;31m[ERROR][0m ❌ 网站服务重启失败，需要人工介入
[0;32m[INFO][0m 检查 2/10: 关键页面访问
[0;31m[ERROR][0m ❌ http://localhost:3000/ - HTTP 000
[0;31m[ERROR][0m ❌ http://localhost:3000/docs - HTTP 000
[0;31m[ERROR][0m ❌ http://localhost:3000/blog - HTTP 000
[0;31m[ERROR][0m ❌ http://localhost:3000/about - HTTP 000
[0;31m[ERROR][0m ❌ http://localhost:3000/docs/quickstart - HTTP 000
[0;31m[ERROR][0m ❌ http://localhost:3000/docs/install - HTTP 000
[1;33m[WARN][0m 发现 6 个页面异常
[0;32m[INFO][0m 检查 3/10: 网站构建测试
[0;31m[ERROR][0m ❌ 网站构建失败
[0;31m[ERROR][0m 构建日志: /tmp/build-test.log
[0;32m[INFO][0m 检查 4/10: Git 仓库状态
[0;32m[INFO][0m ✅ Git 仓库干净，无未提交更改
[0;32m[INFO][0m 检查 5/10: 依赖安全更新
[1;33m[WARN][0m 发现 0
0 个高危漏洞
[1;33m[WARN][0m 请手动运行: npm audit fix
[0;32m[INFO][0m 检查 6/10: 日志文件清理
[0;32m[INFO][0m ✅ 日志清理完成
[0;32m[INFO][0m 检查 7/10: 磁盘空间检查
[0;32m[INFO][0m ✅ 磁盘使用率 2%，正常
[0;32m[INFO][0m 检查 8/10: 内容更新检查
[0;32m[INFO][0m ✅ 无新文章待发布
[0;32m[INFO][0m 检查 9/10: 生成巡检报告
[0;32m[INFO][0m ✅ 报告已生成: /Users/openmilo/clawall/claw-team/claw-admin/logs/summary-2026-02-26.md
[0;32m[INFO][0m 检查 10/10: 发送巡检通知
[0;31m[ERROR][0m ⚠️  巡检完成，发现异常需要处理
========================================
巡检维护完成时间: 18:00:08
========================================
========================================
OpenClaw 网站每日巡检维护
日期: 2026-02-26 19:00:01
执行者: claw-admin (自动化)
========================================
[0;32m[INFO][0m 检查 1/10: 网站服务状态
[0;31m[ERROR][0m ❌ 网站服务未运行，尝试重启...
[0;31m[ERROR][0m ❌ 网站服务重启失败，需要人工介入
[0;32m[INFO][0m 检查 2/10: 关键页面访问
[0;31m[ERROR][0m ❌ http://localhost:3000/ - HTTP 000
[0;31m[ERROR][0m ❌ http://localhost:3000/docs - HTTP 000
[0;31m[ERROR][0m ❌ http://localhost:3000/blog - HTTP 000
[0;31m[ERROR][0m ❌ http://localhost:3000/about - HTTP 000
[0;31m[ERROR][0m ❌ http://localhost:3000/docs/quickstart - HTTP 000
[0;31m[ERROR][0m ❌ http://localhost:3000/docs/install - HTTP 000
[1;33m[WARN][0m 发现 6 个页面异常
[0;32m[INFO][0m 检查 3/10: 网站构建测试
[0;31m[ERROR][0m ❌ 网站构建失败
[0;31m[ERROR][0m 构建日志: /tmp/build-test.log
[0;32m[INFO][0m 检查 4/10: Git 仓库状态
[0;32m[INFO][0m ✅ Git 仓库干净，无未提交更改
[0;32m[INFO][0m 检查 5/10: 依赖安全更新
[1;33m[WARN][0m 发现 0
0 个高危漏洞
[1;33m[WARN][0m 请手动运行: npm audit fix
[0;32m[INFO][0m 检查 6/10: 日志文件清理
[0;32m[INFO][0m ✅ 日志清理完成
[0;32m[INFO][0m 检查 7/10: 磁盘空间检查
[0;32m[INFO][0m ✅ 磁盘使用率 2%，正常
[0;32m[INFO][0m 检查 8/10: 内容更新检查
[0;32m[INFO][0m ✅ 无新文章待发布
[0;32m[INFO][0m 检查 9/10: 生成巡检报告
[0;32m[INFO][0m ✅ 报告已生成: /Users/openmilo/clawall/claw-team/claw-admin/logs/summary-2026-02-26.md
[0;32m[INFO][0m 检查 10/10: 发送巡检通知
[0;31m[ERROR][0m ⚠️  巡检完成，发现异常需要处理
========================================
巡检维护完成时间: 19:00:08
========================================
========================================
OpenClaw 网站每日巡检维护
日期: 2026-02-26 20:00:00
执行者: claw-admin (自动化)
========================================
[0;32m[INFO][0m 检查 1/10: 网站服务状态
[0;31m[ERROR][0m ❌ 网站服务未运行，尝试重启...
[0;31m[ERROR][0m ❌ 网站服务重启失败，需要人工介入
[0;32m[INFO][0m 检查 2/10: 关键页面访问
[0;31m[ERROR][0m ❌ http://localhost:3000/ - HTTP 000
[0;31m[ERROR][0m ❌ http://localhost:3000/docs - HTTP 000
[0;31m[ERROR][0m ❌ http://localhost:3000/blog - HTTP 000
[0;31m[ERROR][0m ❌ http://localhost:3000/about - HTTP 000
[0;31m[ERROR][0m ❌ http://localhost:3000/docs/quickstart - HTTP 000
[0;31m[ERROR][0m ❌ http://localhost:3000/docs/install - HTTP 000
[1;33m[WARN][0m 发现 6 个页面异常
[0;32m[INFO][0m 检查 3/10: 网站构建测试
[0;31m[ERROR][0m ❌ 网站构建失败
[0;31m[ERROR][0m 构建日志: /tmp/build-test.log
[0;32m[INFO][0m 检查 4/10: Git 仓库状态
[0;32m[INFO][0m ✅ Git 仓库干净，无未提交更改
[0;32m[INFO][0m 检查 5/10: 依赖安全更新
[1;33m[WARN][0m 发现 0
0 个高危漏洞
[1;33m[WARN][0m 请手动运行: npm audit fix
[0;32m[INFO][0m 检查 6/10: 日志文件清理
[0;32m[INFO][0m ✅ 日志清理完成
[0;32m[INFO][0m 检查 7/10: 磁盘空间检查
[0;32m[INFO][0m ✅ 磁盘使用率 2%，正常
[0;32m[INFO][0m 检查 8/10: 内容更新检查
[0;32m[INFO][0m ✅ 无新文章待发布
[0;32m[INFO][0m 检查 9/10: 生成巡检报告
[0;32m[INFO][0m ✅ 报告已生成: /Users/openmilo/clawall/claw-team/claw-admin/logs/summary-2026-02-26.md
[0;32m[INFO][0m 检查 10/10: 发送巡检通知
[0;31m[ERROR][0m ⚠️  巡检完成，发现异常需要处理
========================================
巡检维护完成时间: 20:00:08
========================================
========================================
OpenClaw 网站每日巡检维护
日期: 2026-02-26 21:00:00
执行者: claw-admin (自动化)
========================================
[0;32m[INFO][0m 检查 1/10: 网站服务状态
[0;31m[ERROR][0m ❌ 网站服务未运行，尝试重启...
[0;31m[ERROR][0m ❌ 网站服务重启失败，需要人工介入
[0;32m[INFO][0m 检查 2/10: 关键页面访问
[0;31m[ERROR][0m ❌ http://localhost:3000/ - HTTP 000
[0;31m[ERROR][0m ❌ http://localhost:3000/docs - HTTP 000
[0;31m[ERROR][0m ❌ http://localhost:3000/blog - HTTP 000
[0;31m[ERROR][0m ❌ http://localhost:3000/about - HTTP 000
[0;31m[ERROR][0m ❌ http://localhost:3000/docs/quickstart - HTTP 000
[0;31m[ERROR][0m ❌ http://localhost:3000/docs/install - HTTP 000
[1;33m[WARN][0m 发现 6 个页面异常
[0;32m[INFO][0m 检查 3/10: 网站构建测试
[0;31m[ERROR][0m ❌ 网站构建失败
[0;31m[ERROR][0m 构建日志: /tmp/build-test.log
[0;32m[INFO][0m 检查 4/10: Git 仓库状态
[0;32m[INFO][0m ✅ Git 仓库干净，无未提交更改
[0;32m[INFO][0m 检查 5/10: 依赖安全更新
[1;33m[WARN][0m 发现 0
0 个高危漏洞
[1;33m[WARN][0m 请手动运行: npm audit fix
[0;32m[INFO][0m 检查 6/10: 日志文件清理
[0;32m[INFO][0m ✅ 日志清理完成
[0;32m[INFO][0m 检查 7/10: 磁盘空间检查
[0;32m[INFO][0m ✅ 磁盘使用率 2%，正常
[0;32m[INFO][0m 检查 8/10: 内容更新检查
[0;32m[INFO][0m ✅ 无新文章待发布
[0;32m[INFO][0m 检查 9/10: 生成巡检报告
[0;32m[INFO][0m ✅ 报告已生成: /Users/openmilo/clawall/claw-team/claw-admin/logs/summary-2026-02-26.md
[0;32m[INFO][0m 检查 10/10: 发送巡检通知
[0;31m[ERROR][0m ⚠️  巡检完成，发现异常需要处理
========================================
巡检维护完成时间: 21:00:08
========================================
========================================
OpenClaw 网站每日巡检维护
日期: 2026-02-26 22:00:00
执行者: claw-admin (自动化)
========================================
[0;32m[INFO][0m 检查 1/10: 网站服务状态
[0;31m[ERROR][0m ❌ 网站服务未运行，尝试重启...
[0;31m[ERROR][0m ❌ 网站服务重启失败，需要人工介入
[0;32m[INFO][0m 检查 2/10: 关键页面访问
[0;31m[ERROR][0m ❌ http://localhost:3000/ - HTTP 000
[0;31m[ERROR][0m ❌ http://localhost:3000/docs - HTTP 000
[0;31m[ERROR][0m ❌ http://localhost:3000/blog - HTTP 000
[0;31m[ERROR][0m ❌ http://localhost:3000/about - HTTP 000
[0;31m[ERROR][0m ❌ http://localhost:3000/docs/quickstart - HTTP 000
[0;31m[ERROR][0m ❌ http://localhost:3000/docs/install - HTTP 000
[1;33m[WARN][0m 发现 6 个页面异常
[0;32m[INFO][0m 检查 3/10: 网站构建测试
[0;31m[ERROR][0m ❌ 网站构建失败
[0;31m[ERROR][0m 构建日志: /tmp/build-test.log
[0;32m[INFO][0m 检查 4/10: Git 仓库状态
[0;32m[INFO][0m ✅ Git 仓库干净，无未提交更改
[0;32m[INFO][0m 检查 5/10: 依赖安全更新
[1;33m[WARN][0m 发现 0
0 个高危漏洞
[1;33m[WARN][0m 请手动运行: npm audit fix
[0;32m[INFO][0m 检查 6/10: 日志文件清理
[0;32m[INFO][0m ✅ 日志清理完成
[0;32m[INFO][0m 检查 7/10: 磁盘空间检查
[0;32m[INFO][0m ✅ 磁盘使用率 2%，正常
[0;32m[INFO][0m 检查 8/10: 内容更新检查
[0;32m[INFO][0m ✅ 无新文章待发布
[0;32m[INFO][0m 检查 9/10: 生成巡检报告
[0;32m[INFO][0m ✅ 报告已生成: /Users/openmilo/clawall/claw-team/claw-admin/logs/summary-2026-02-26.md
[0;32m[INFO][0m 检查 10/10: 发送巡检通知
[0;31m[ERROR][0m ⚠️  巡检完成，发现异常需要处理
========================================
巡检维护完成时间: 22:00:07
========================================
========================================
OpenClaw 网站每日巡检维护
日期: 2026-02-26 23:00:00
执行者: claw-admin (自动化)
========================================
[0;32m[INFO][0m 检查 1/10: 网站服务状态
[0;31m[ERROR][0m ❌ 网站服务未运行，尝试重启...
[0;31m[ERROR][0m ❌ 网站服务重启失败，需要人工介入
[0;32m[INFO][0m 检查 2/10: 关键页面访问
[0;31m[ERROR][0m ❌ http://localhost:3000/ - HTTP 000
[0;31m[ERROR][0m ❌ http://localhost:3000/docs - HTTP 000
[0;31m[ERROR][0m ❌ http://localhost:3000/blog - HTTP 000
[0;31m[ERROR][0m ❌ http://localhost:3000/about - HTTP 000
[0;31m[ERROR][0m ❌ http://localhost:3000/docs/quickstart - HTTP 000
[0;31m[ERROR][0m ❌ http://localhost:3000/docs/install - HTTP 000
[1;33m[WARN][0m 发现 6 个页面异常
[0;32m[INFO][0m 检查 3/10: 网站构建测试
[0;31m[ERROR][0m ❌ 网站构建失败
[0;31m[ERROR][0m 构建日志: /tmp/build-test.log
[0;32m[INFO][0m 检查 4/10: Git 仓库状态
[0;32m[INFO][0m ✅ Git 仓库干净，无未提交更改
[0;32m[INFO][0m 检查 5/10: 依赖安全更新
[1;33m[WARN][0m 发现 0
0 个高危漏洞
[1;33m[WARN][0m 请手动运行: npm audit fix
[0;32m[INFO][0m 检查 6/10: 日志文件清理
[0;32m[INFO][0m ✅ 日志清理完成
[0;32m[INFO][0m 检查 7/10: 磁盘空间检查
[0;32m[INFO][0m ✅ 磁盘使用率 2%，正常
[0;32m[INFO][0m 检查 8/10: 内容更新检查
[0;32m[INFO][0m ✅ 无新文章待发布
[0;32m[INFO][0m 检查 9/10: 生成巡检报告
[0;32m[INFO][0m ✅ 报告已生成: /Users/openmilo/clawall/claw-team/claw-admin/logs/summary-2026-02-26.md
[0;32m[INFO][0m 检查 10/10: 发送巡检通知
[0;31m[ERROR][0m ⚠️  巡检完成，发现异常需要处理
========================================
巡检维护完成时间: 23:00:08
========================================
