========================================
OpenClaw 网站每日巡检维护
日期: 2026-02-27 00:00:00
执行者: claw-admin (自动化)
========================================
[0;32m[INFO][0m 检查 1/10: 网站服务状态
[0;31m[ERROR][0m ❌ 网站服务未运行，尝试重启...
[0;31m[ERROR][0m ❌ 网站服务重启失败，需要人工介入
[0;32m[INFO][0m 检查 2/10: 关键页面访问
[0;31m[ERROR][0m ❌ http://localhost:3000/ - HTTP 000
[0;31m[ERROR][0m ❌ http://localhost:3000/docs - HTTP 000
[0;31m[ERROR][0m ❌ http://localhost:3000/blog - HTTP 000
[0;31m[ERROR][0m ❌ http://localhost:3000/about - HTTP 000
[0;31m[ERROR][0m ❌ http://localhost:3000/docs/quickstart - HTTP 000
[0;31m[ERROR][0m ❌ http://localhost:3000/docs/install - HTTP 000
[1;33m[WARN][0m 发现 6 个页面异常
[0;32m[INFO][0m 检查 3/10: 网站构建测试
[0;31m[ERROR][0m ❌ 网站构建失败
[0;31m[ERROR][0m 构建日志: /tmp/build-test.log
[0;32m[INFO][0m 检查 4/10: Git 仓库状态
[0;32m[INFO][0m ✅ Git 仓库干净，无未提交更改
[0;32m[INFO][0m 检查 5/10: 依赖安全更新
[1;33m[WARN][0m 发现 0
0 个高危漏洞
[1;33m[WARN][0m 请手动运行: npm audit fix
[0;32m[INFO][0m 检查 6/10: 日志文件清理
[0;32m[INFO][0m ✅ 日志清理完成
[0;32m[INFO][0m 检查 7/10: 磁盘空间检查
[0;32m[INFO][0m ✅ 磁盘使用率 2%，正常
[0;32m[INFO][0m 检查 8/10: 内容更新检查
[0;32m[INFO][0m ✅ 无新文章待发布
[0;32m[INFO][0m 检查 9/10: 生成巡检报告
[0;32m[INFO][0m ✅ 报告已生成: /Users/openmilo/clawall/claw-team/claw-admin/logs/summary-2026-02-27.md
[0;32m[INFO][0m 检查 10/10: 发送巡检通知
[0;31m[ERROR][0m ⚠️  巡检完成，发现异常需要处理
========================================
巡检维护完成时间: 00:00:08
========================================
========================================
OpenClaw 网站每日巡检维护
日期: 2026-02-27 01:00:00
执行者: claw-admin (自动化)
========================================
[0;32m[INFO][0m 检查 1/10: 网站服务状态
[0;31m[ERROR][0m ❌ 网站服务未运行，尝试重启...
[0;31m[ERROR][0m ❌ 网站服务重启失败，需要人工介入
[0;32m[INFO][0m 检查 2/10: 关键页面访问
[0;31m[ERROR][0m ❌ http://localhost:3000/ - HTTP 000
[0;31m[ERROR][0m ❌ http://localhost:3000/docs - HTTP 000
[0;31m[ERROR][0m ❌ http://localhost:3000/blog - HTTP 000
[0;31m[ERROR][0m ❌ http://localhost:3000/about - HTTP 000
[0;31m[ERROR][0m ❌ http://localhost:3000/docs/quickstart - HTTP 000
[0;31m[ERROR][0m ❌ http://localhost:3000/docs/install - HTTP 000
[1;33m[WARN][0m 发现 6 个页面异常
[0;32m[INFO][0m 检查 3/10: 网站构建测试
[0;31m[ERROR][0m ❌ 网站构建失败
[0;31m[ERROR][0m 构建日志: /tmp/build-test.log
[0;32m[INFO][0m 检查 4/10: Git 仓库状态
[0;32m[INFO][0m ✅ Git 仓库干净，无未提交更改
[0;32m[INFO][0m 检查 5/10: 依赖安全更新
[1;33m[WARN][0m 发现 0
0 个高危漏洞
[1;33m[WARN][0m 请手动运行: npm audit fix
[0;32m[INFO][0m 检查 6/10: 日志文件清理
[0;32m[INFO][0m ✅ 日志清理完成
[0;32m[INFO][0m 检查 7/10: 磁盘空间检查
[0;32m[INFO][0m ✅ 磁盘使用率 2%，正常
[0;32m[INFO][0m 检查 8/10: 内容更新检查
[0;32m[INFO][0m ✅ 无新文章待发布
[0;32m[INFO][0m 检查 9/10: 生成巡检报告
[0;32m[INFO][0m ✅ 报告已生成: /Users/openmilo/clawall/claw-team/claw-admin/logs/summary-2026-02-27.md
[0;32m[INFO][0m 检查 10/10: 发送巡检通知
[0;31m[ERROR][0m ⚠️  巡检完成，发现异常需要处理
========================================
巡检维护完成时间: 01:00:07
========================================
========================================
OpenClaw 网站每日巡检维护
日期: 2026-02-27 02:00:00
执行者: claw-admin (自动化)
========================================
[0;32m[INFO][0m 检查 1/10: 网站服务状态
[0;31m[ERROR][0m ❌ 网站服务未运行，尝试重启...
[0;31m[ERROR][0m ❌ 网站服务重启失败，需要人工介入
[0;32m[INFO][0m 检查 2/10: 关键页面访问
[0;31m[ERROR][0m ❌ http://localhost:3000/ - HTTP 000
[0;31m[ERROR][0m ❌ http://localhost:3000/docs - HTTP 000
[0;31m[ERROR][0m ❌ http://localhost:3000/blog - HTTP 000
[0;31m[ERROR][0m ❌ http://localhost:3000/about - HTTP 000
[0;31m[ERROR][0m ❌ http://localhost:3000/docs/quickstart - HTTP 000
[0;31m[ERROR][0m ❌ http://localhost:3000/docs/install - HTTP 000
[1;33m[WARN][0m 发现 6 个页面异常
[0;32m[INFO][0m 检查 3/10: 网站构建测试
[0;31m[ERROR][0m ❌ 网站构建失败
[0;31m[ERROR][0m 构建日志: /tmp/build-test.log
[0;32m[INFO][0m 检查 4/10: Git 仓库状态
[0;32m[INFO][0m ✅ Git 仓库干净，无未提交更改
[0;32m[INFO][0m 检查 5/10: 依赖安全更新
[1;33m[WARN][0m 发现 0
0 个高危漏洞
[1;33m[WARN][0m 请手动运行: npm audit fix
[0;32m[INFO][0m 检查 6/10: 日志文件清理
[0;32m[INFO][0m ✅ 日志清理完成
[0;32m[INFO][0m 检查 7/10: 磁盘空间检查
[0;32m[INFO][0m ✅ 磁盘使用率 2%，正常
[0;32m[INFO][0m 检查 8/10: 内容更新检查
[0;32m[INFO][0m ✅ 无新文章待发布
[0;32m[INFO][0m 检查 9/10: 生成巡检报告
[0;32m[INFO][0m ✅ 报告已生成: /Users/openmilo/clawall/claw-team/claw-admin/logs/summary-2026-02-27.md
[0;32m[INFO][0m 检查 10/10: 发送巡检通知
[0;31m[ERROR][0m ⚠️  巡检完成，发现异常需要处理
========================================
巡检维护完成时间: 02:00:07
========================================
========================================
OpenClaw 网站每日巡检维护
日期: 2026-02-27 03:00:00
执行者: claw-admin (自动化)
========================================
[0;32m[INFO][0m 检查 1/10: 网站服务状态
[0;31m[ERROR][0m ❌ 网站服务未运行，尝试重启...
[0;31m[ERROR][0m ❌ 网站服务重启失败，需要人工介入
[0;32m[INFO][0m 检查 2/10: 关键页面访问
[0;31m[ERROR][0m ❌ http://localhost:3000/ - HTTP 000
[0;31m[ERROR][0m ❌ http://localhost:3000/docs - HTTP 000
[0;31m[ERROR][0m ❌ http://localhost:3000/blog - HTTP 000
[0;31m[ERROR][0m ❌ http://localhost:3000/about - HTTP 000
[0;31m[ERROR][0m ❌ http://localhost:3000/docs/quickstart - HTTP 000
[0;31m[ERROR][0m ❌ http://localhost:3000/docs/install - HTTP 000
[1;33m[WARN][0m 发现 6 个页面异常
[0;32m[INFO][0m 检查 3/10: 网站构建测试
[0;31m[ERROR][0m ❌ 网站构建失败
[0;31m[ERROR][0m 构建日志: /tmp/build-test.log
[0;32m[INFO][0m 检查 4/10: Git 仓库状态
[0;32m[INFO][0m ✅ Git 仓库干净，无未提交更改
[0;32m[INFO][0m 检查 5/10: 依赖安全更新
[1;33m[WARN][0m 发现 0
0 个高危漏洞
[1;33m[WARN][0m 请手动运行: npm audit fix
[0;32m[INFO][0m 检查 6/10: 日志文件清理
[0;32m[INFO][0m ✅ 日志清理完成
[0;32m[INFO][0m 检查 7/10: 磁盘空间检查
[0;32m[INFO][0m ✅ 磁盘使用率 2%，正常
[0;32m[INFO][0m 检查 8/10: 内容更新检查
[0;32m[INFO][0m ✅ 无新文章待发布
[0;32m[INFO][0m 检查 9/10: 生成巡检报告
[0;32m[INFO][0m ✅ 报告已生成: /Users/openmilo/clawall/claw-team/claw-admin/logs/summary-2026-02-27.md
[0;32m[INFO][0m 检查 10/10: 发送巡检通知
[0;31m[ERROR][0m ⚠️  巡检完成，发现异常需要处理
========================================
巡检维护完成时间: 03:00:08
========================================
========================================
OpenClaw 网站每日巡检维护
日期: 2026-02-27 04:00:00
执行者: claw-admin (自动化)
========================================
[0;32m[INFO][0m 检查 1/10: 网站服务状态
[0;31m[ERROR][0m ❌ 网站服务未运行，尝试重启...
[0;31m[ERROR][0m ❌ 网站服务重启失败，需要人工介入
[0;32m[INFO][0m 检查 2/10: 关键页面访问
[0;31m[ERROR][0m ❌ http://localhost:3000/ - HTTP 000
[0;31m[ERROR][0m ❌ http://localhost:3000/docs - HTTP 000
[0;31m[ERROR][0m ❌ http://localhost:3000/blog - HTTP 000
[0;31m[ERROR][0m ❌ http://localhost:3000/about - HTTP 000
[0;31m[ERROR][0m ❌ http://localhost:3000/docs/quickstart - HTTP 000
[0;31m[ERROR][0m ❌ http://localhost:3000/docs/install - HTTP 000
[1;33m[WARN][0m 发现 6 个页面异常
[0;32m[INFO][0m 检查 3/10: 网站构建测试
[0;31m[ERROR][0m ❌ 网站构建失败
[0;31m[ERROR][0m 构建日志: /tmp/build-test.log
[0;32m[INFO][0m 检查 4/10: Git 仓库状态
[0;32m[INFO][0m ✅ Git 仓库干净，无未提交更改
[0;32m[INFO][0m 检查 5/10: 依赖安全更新
[1;33m[WARN][0m 发现 0
0 个高危漏洞
[1;33m[WARN][0m 请手动运行: npm audit fix
[0;32m[INFO][0m 检查 6/10: 日志文件清理
[0;32m[INFO][0m ✅ 日志清理完成
[0;32m[INFO][0m 检查 7/10: 磁盘空间检查
[0;32m[INFO][0m ✅ 磁盘使用率 2%，正常
[0;32m[INFO][0m 检查 8/10: 内容更新检查
[0;32m[INFO][0m ✅ 无新文章待发布
[0;32m[INFO][0m 检查 9/10: 生成巡检报告
[0;32m[INFO][0m ✅ 报告已生成: /Users/openmilo/clawall/claw-team/claw-admin/logs/summary-2026-02-27.md
[0;32m[INFO][0m 检查 10/10: 发送巡检通知
[0;31m[ERROR][0m ⚠️  巡检完成，发现异常需要处理
========================================
巡检维护完成时间: 04:00:08
========================================
========================================
OpenClaw 网站每日巡检维护
日期: 2026-02-27 05:00:00
执行者: claw-admin (自动化)
========================================
[0;32m[INFO][0m 检查 1/10: 网站服务状态
[0;31m[ERROR][0m ❌ 网站服务未运行，尝试重启...
[0;31m[ERROR][0m ❌ 网站服务重启失败，需要人工介入
[0;32m[INFO][0m 检查 2/10: 关键页面访问
[0;31m[ERROR][0m ❌ http://localhost:3000/ - HTTP 000
[0;31m[ERROR][0m ❌ http://localhost:3000/docs - HTTP 000
[0;31m[ERROR][0m ❌ http://localhost:3000/blog - HTTP 000
[0;31m[ERROR][0m ❌ http://localhost:3000/about - HTTP 000
[0;31m[ERROR][0m ❌ http://localhost:3000/docs/quickstart - HTTP 000
[0;31m[ERROR][0m ❌ http://localhost:3000/docs/install - HTTP 000
[1;33m[WARN][0m 发现 6 个页面异常
[0;32m[INFO][0m 检查 3/10: 网站构建测试
[0;31m[ERROR][0m ❌ 网站构建失败
[0;31m[ERROR][0m 构建日志: /tmp/build-test.log
[0;32m[INFO][0m 检查 4/10: Git 仓库状态
[0;32m[INFO][0m ✅ Git 仓库干净，无未提交更改
[0;32m[INFO][0m 检查 5/10: 依赖安全更新
[1;33m[WARN][0m 发现 0
0 个高危漏洞
[1;33m[WARN][0m 请手动运行: npm audit fix
[0;32m[INFO][0m 检查 6/10: 日志文件清理
[0;32m[INFO][0m ✅ 日志清理完成
[0;32m[INFO][0m 检查 7/10: 磁盘空间检查
[0;32m[INFO][0m ✅ 磁盘使用率 2%，正常
[0;32m[INFO][0m 检查 8/10: 内容更新检查
[0;32m[INFO][0m ✅ 无新文章待发布
[0;32m[INFO][0m 检查 9/10: 生成巡检报告
[0;32m[INFO][0m ✅ 报告已生成: /Users/openmilo/clawall/claw-team/claw-admin/logs/summary-2026-02-27.md
[0;32m[INFO][0m 检查 10/10: 发送巡检通知
[0;31m[ERROR][0m ⚠️  巡检完成，发现异常需要处理
========================================
巡检维护完成时间: 05:00:08
========================================
========================================
OpenClaw 网站每日巡检维护
日期: 2026-02-27 06:00:00
执行者: claw-admin (自动化)
========================================
[0;32m[INFO][0m 检查 1/10: 网站服务状态
[0;31m[ERROR][0m ❌ 网站服务未运行，尝试重启...
[0;31m[ERROR][0m ❌ 网站服务重启失败，需要人工介入
[0;32m[INFO][0m 检查 2/10: 关键页面访问
[0;31m[ERROR][0m ❌ http://localhost:3000/ - HTTP 000
[0;31m[ERROR][0m ❌ http://localhost:3000/docs - HTTP 000
[0;31m[ERROR][0m ❌ http://localhost:3000/blog - HTTP 000
[0;31m[ERROR][0m ❌ http://localhost:3000/about - HTTP 000
[0;31m[ERROR][0m ❌ http://localhost:3000/docs/quickstart - HTTP 000
[0;31m[ERROR][0m ❌ http://localhost:3000/docs/install - HTTP 000
[1;33m[WARN][0m 发现 6 个页面异常
[0;32m[INFO][0m 检查 3/10: 网站构建测试
[0;31m[ERROR][0m ❌ 网站构建失败
[0;31m[ERROR][0m 构建日志: /tmp/build-test.log
[0;32m[INFO][0m 检查 4/10: Git 仓库状态
[0;32m[INFO][0m ✅ Git 仓库干净，无未提交更改
[0;32m[INFO][0m 检查 5/10: 依赖安全更新
[1;33m[WARN][0m 发现 0
0 个高危漏洞
[1;33m[WARN][0m 请手动运行: npm audit fix
[0;32m[INFO][0m 检查 6/10: 日志文件清理
[0;32m[INFO][0m ✅ 日志清理完成
[0;32m[INFO][0m 检查 7/10: 磁盘空间检查
[0;32m[INFO][0m ✅ 磁盘使用率 2%，正常
[0;32m[INFO][0m 检查 8/10: 内容更新检查
[0;32m[INFO][0m ✅ 无新文章待发布
[0;32m[INFO][0m 检查 9/10: 生成巡检报告
[0;32m[INFO][0m ✅ 报告已生成: /Users/openmilo/clawall/claw-team/claw-admin/logs/summary-2026-02-27.md
[0;32m[INFO][0m 检查 10/10: 发送巡检通知
[0;31m[ERROR][0m ⚠️  巡检完成，发现异常需要处理
========================================
巡检维护完成时间: 06:00:08
========================================
========================================
OpenClaw 网站每日巡检维护
日期: 2026-02-27 07:00:01
执行者: claw-admin (自动化)
========================================
[0;32m[INFO][0m 检查 1/10: 网站服务状态
[0;31m[ERROR][0m ❌ 网站服务未运行，尝试重启...
[0;31m[ERROR][0m ❌ 网站服务重启失败，需要人工介入
[0;32m[INFO][0m 检查 2/10: 关键页面访问
[0;31m[ERROR][0m ❌ http://localhost:3000/ - HTTP 000
[0;31m[ERROR][0m ❌ http://localhost:3000/docs - HTTP 000
[0;31m[ERROR][0m ❌ http://localhost:3000/blog - HTTP 000
[0;31m[ERROR][0m ❌ http://localhost:3000/about - HTTP 000
[0;31m[ERROR][0m ❌ http://localhost:3000/docs/quickstart - HTTP 000
[0;31m[ERROR][0m ❌ http://localhost:3000/docs/install - HTTP 000
[1;33m[WARN][0m 发现 6 个页面异常
[0;32m[INFO][0m 检查 3/10: 网站构建测试
[0;31m[ERROR][0m ❌ 网站构建失败
[0;31m[ERROR][0m 构建日志: /tmp/build-test.log
[0;32m[INFO][0m 检查 4/10: Git 仓库状态
[0;32m[INFO][0m ✅ Git 仓库干净，无未提交更改
[0;32m[INFO][0m 检查 5/10: 依赖安全更新
[1;33m[WARN][0m 发现 0
0 个高危漏洞
[1;33m[WARN][0m 请手动运行: npm audit fix
[0;32m[INFO][0m 检查 6/10: 日志文件清理
[0;32m[INFO][0m ✅ 日志清理完成
[0;32m[INFO][0m 检查 7/10: 磁盘空间检查
[0;32m[INFO][0m ✅ 磁盘使用率 2%，正常
[0;32m[INFO][0m 检查 8/10: 内容更新检查
[0;32m[INFO][0m ✅ 无新文章待发布
[0;32m[INFO][0m 检查 9/10: 生成巡检报告
[0;32m[INFO][0m ✅ 报告已生成: /Users/openmilo/clawall/claw-team/claw-admin/logs/summary-2026-02-27.md
[0;32m[INFO][0m 检查 10/10: 发送巡检通知
[0;31m[ERROR][0m ⚠️  巡检完成，发现异常需要处理
========================================
巡检维护完成时间: 07:00:08
========================================
========================================
OpenClaw 网站每日巡检维护
日期: 2026-02-27 08:00:01
执行者: claw-admin (自动化)
========================================
[0;32m[INFO][0m 检查 1/10: 网站服务状态
[0;31m[ERROR][0m ❌ 网站服务未运行，尝试重启...
[0;31m[ERROR][0m ❌ 网站服务重启失败，需要人工介入
[0;32m[INFO][0m 检查 2/10: 关键页面访问
[0;31m[ERROR][0m ❌ http://localhost:3000/ - HTTP 000
[0;31m[ERROR][0m ❌ http://localhost:3000/docs - HTTP 000
[0;31m[ERROR][0m ❌ http://localhost:3000/blog - HTTP 000
[0;31m[ERROR][0m ❌ http://localhost:3000/about - HTTP 000
[0;31m[ERROR][0m ❌ http://localhost:3000/docs/quickstart - HTTP 000
[0;31m[ERROR][0m ❌ http://localhost:3000/docs/install - HTTP 000
[1;33m[WARN][0m 发现 6 个页面异常
[0;32m[INFO][0m 检查 3/10: 网站构建测试
[0;31m[ERROR][0m ❌ 网站构建失败
[0;31m[ERROR][0m 构建日志: /tmp/build-test.log
[0;32m[INFO][0m 检查 4/10: Git 仓库状态
[0;32m[INFO][0m ✅ Git 仓库干净，无未提交更改
[0;32m[INFO][0m 检查 5/10: 依赖安全更新
[1;33m[WARN][0m 发现 0
0 个高危漏洞
[1;33m[WARN][0m 请手动运行: npm audit fix
[0;32m[INFO][0m 检查 6/10: 日志文件清理
[0;32m[INFO][0m ✅ 日志清理完成
[0;32m[INFO][0m 检查 7/10: 磁盘空间检查
[0;32m[INFO][0m ✅ 磁盘使用率 2%，正常
[0;32m[INFO][0m 检查 8/10: 内容更新检查
[0;32m[INFO][0m ✅ 无新文章待发布
[0;32m[INFO][0m 检查 9/10: 生成巡检报告
[0;32m[INFO][0m ✅ 报告已生成: /Users/openmilo/clawall/claw-team/claw-admin/logs/summary-2026-02-27.md
[0;32m[INFO][0m 检查 10/10: 发送巡检通知
[0;31m[ERROR][0m ⚠️  巡检完成，发现异常需要处理
========================================
巡检维护完成时间: 08:00:08
========================================
========================================
OpenClaw 网站每日巡检维护
日期: 2026-02-27 09:00:00
执行者: claw-admin (自动化)
========================================
========================================
OpenClaw 网站每日巡检维护
[0;32m[INFO][0m 检查 1/10: 网站服务状态
日期: 2026-02-27 09:00:00
执行者: claw-admin (自动化)
========================================
[0;32m[INFO][0m 检查 1/10: 网站服务状态
[0;31m[ERROR][0m ❌ 网站服务未运行，尝试重启...
[0;31m[ERROR][0m ❌ 网站服务未运行，尝试重启...
[0;31m[ERROR][0m ❌ 网站服务重启失败，需要人工介入
[0;32m[INFO][0m 检查 2/10: 关键页面访问
[0;31m[ERROR][0m ❌ 网站服务重启失败，需要人工介入
[0;32m[INFO][0m 检查 2/10: 关键页面访问
[0;31m[ERROR][0m ❌ http://localhost:3000/ - HTTP 000
[0;31m[ERROR][0m ❌ http://localhost:3000/ - HTTP 000
[0;31m[ERROR][0m ❌ http://localhost:3000/docs - HTTP 000
[0;31m[ERROR][0m ❌ http://localhost:3000/docs - HTTP 000
[0;31m[ERROR][0m ❌ http://localhost:3000/blog - HTTP 000
[0;31m[ERROR][0m ❌ http://localhost:3000/blog - HTTP 000
[0;31m[ERROR][0m ❌ http://localhost:3000/about - HTTP 000
[0;31m[ERROR][0m ❌ http://localhost:3000/about - HTTP 000
[0;31m[ERROR][0m ❌ http://localhost:3000/docs/quickstart - HTTP 000
[0;31m[ERROR][0m ❌ http://localhost:3000/docs/quickstart - HTTP 000
[0;31m[ERROR][0m ❌ http://localhost:3000/docs/install - HTTP 000
[0;31m[ERROR][0m ❌ http://localhost:3000/docs/install - HTTP 000
[1;33m[WARN][0m 发现 6 个页面异常
[1;33m[WARN][0m 发现 6 个页面异常
[0;32m[INFO][0m 检查 3/10: 网站构建测试
[0;32m[INFO][0m 检查 3/10: 网站构建测试
[0;31m[ERROR][0m ❌ 网站构建失败
[0;31m[ERROR][0m ❌ 网站构建失败
[0;31m[ERROR][0m 构建日志: /tmp/build-test.log
[0;31m[ERROR][0m 构建日志: /tmp/build-test.log
[0;32m[INFO][0m 检查 4/10: Git 仓库状态
[0;32m[INFO][0m 检查 4/10: Git 仓库状态
[0;32m[INFO][0m ✅ Git 仓库干净，无未提交更改
[0;32m[INFO][0m ✅ Git 仓库干净，无未提交更改
[0;32m[INFO][0m 检查 5/10: 依赖安全更新
[0;32m[INFO][0m 检查 5/10: 依赖安全更新
[1;33m[WARN][0m 发现 0
0 个高危漏洞
[1;33m[WARN][0m 发现 0
0 个高危漏洞
[1;33m[WARN][0m 请手动运行: npm audit fix
[1;33m[WARN][0m 请手动运行: npm audit fix
[0;32m[INFO][0m 检查 6/10: 日志文件清理
[0;32m[INFO][0m 检查 6/10: 日志文件清理
[0;32m[INFO][0m ✅ 日志清理完成
[0;32m[INFO][0m ✅ 日志清理完成
[0;32m[INFO][0m 检查 7/10: 磁盘空间检查
[0;32m[INFO][0m 检查 7/10: 磁盘空间检查
[0;32m[INFO][0m ✅ 磁盘使用率 2%，正常
[0;32m[INFO][0m ✅ 磁盘使用率 2%，正常
[0;32m[INFO][0m 检查 8/10: 内容更新检查
[0;32m[INFO][0m 检查 8/10: 内容更新检查
[0;32m[INFO][0m ✅ 无新文章待发布
[0;32m[INFO][0m ✅ 无新文章待发布
[0;32m[INFO][0m 检查 9/10: 生成巡检报告
[0;32m[INFO][0m 检查 9/10: 生成巡检报告
[0;32m[INFO][0m ✅ 报告已生成: /Users/openmilo/clawall/claw-team/claw-admin/logs/summary-2026-02-27.md
[0;32m[INFO][0m ✅ 报告已生成: /Users/openmilo/clawall/claw-team/claw-admin/logs/summary-2026-02-27.md
[0;32m[INFO][0m 检查 10/10: 发送巡检通知
[0;32m[INFO][0m 检查 10/10: 发送巡检通知
[0;31m[ERROR][0m ⚠️  巡检完成，发现异常需要处理
[0;31m[ERROR][0m ⚠️  巡检完成，发现异常需要处理
========================================
========================================
巡检维护完成时间: 09:00:08
巡检维护完成时间: 09:00:08
========================================
========================================
========================================
OpenClaw 网站每日巡检维护
日期: 2026-02-27 10:00:00
执行者: claw-admin (自动化)
========================================
[0;32m[INFO][0m 检查 1/10: 网站服务状态
[0;31m[ERROR][0m ❌ 网站服务未运行，尝试重启...
[0;31m[ERROR][0m ❌ 网站服务重启失败，需要人工介入
[0;32m[INFO][0m 检查 2/10: 关键页面访问
[0;31m[ERROR][0m ❌ http://localhost:3000/ - HTTP 000
[0;31m[ERROR][0m ❌ http://localhost:3000/docs - HTTP 000
[0;31m[ERROR][0m ❌ http://localhost:3000/blog - HTTP 000
[0;31m[ERROR][0m ❌ http://localhost:3000/about - HTTP 000
[0;31m[ERROR][0m ❌ http://localhost:3000/docs/quickstart - HTTP 000
[0;31m[ERROR][0m ❌ http://localhost:3000/docs/install - HTTP 000
[1;33m[WARN][0m 发现 6 个页面异常
[0;32m[INFO][0m 检查 3/10: 网站构建测试
[0;31m[ERROR][0m ❌ 网站构建失败
[0;31m[ERROR][0m 构建日志: /tmp/build-test.log
[0;32m[INFO][0m 检查 4/10: Git 仓库状态
[0;32m[INFO][0m ✅ Git 仓库干净，无未提交更改
[0;32m[INFO][0m 检查 5/10: 依赖安全更新
[1;33m[WARN][0m 发现 0
0 个高危漏洞
[1;33m[WARN][0m 请手动运行: npm audit fix
[0;32m[INFO][0m 检查 6/10: 日志文件清理
[0;32m[INFO][0m ✅ 日志清理完成
[0;32m[INFO][0m 检查 7/10: 磁盘空间检查
[0;32m[INFO][0m ✅ 磁盘使用率 2%，正常
[0;32m[INFO][0m 检查 8/10: 内容更新检查
[0;32m[INFO][0m ✅ 无新文章待发布
[0;32m[INFO][0m 检查 9/10: 生成巡检报告
[0;32m[INFO][0m ✅ 报告已生成: /Users/openmilo/clawall/claw-team/claw-admin/logs/summary-2026-02-27.md
[0;32m[INFO][0m 检查 10/10: 发送巡检通知
[0;31m[ERROR][0m ⚠️  巡检完成，发现异常需要处理
========================================
巡检维护完成时间: 10:00:08
========================================
========================================
OpenClaw 网站每日巡检维护
日期: 2026-02-27 12:00:00
执行者: claw-admin (自动化)
========================================
[0;32m[INFO][0m 检查 1/10: 网站服务状态
[0;31m[ERROR][0m ❌ 网站服务未运行，尝试重启...
[0;31m[ERROR][0m ❌ 网站服务重启失败，需要人工介入
[0;32m[INFO][0m 检查 2/10: 关键页面访问
[0;31m[ERROR][0m ❌ http://localhost:3000/ - HTTP 000
[0;31m[ERROR][0m ❌ http://localhost:3000/docs - HTTP 000
[0;31m[ERROR][0m ❌ http://localhost:3000/blog - HTTP 000
[0;31m[ERROR][0m ❌ http://localhost:3000/about - HTTP 000
[0;31m[ERROR][0m ❌ http://localhost:3000/docs/quickstart - HTTP 000
[0;31m[ERROR][0m ❌ http://localhost:3000/docs/install - HTTP 000
[1;33m[WARN][0m 发现 6 个页面异常
[0;32m[INFO][0m 检查 3/10: 网站构建测试
[0;31m[ERROR][0m ❌ 网站构建失败
[0;31m[ERROR][0m 构建日志: /tmp/build-test.log
[0;32m[INFO][0m 检查 4/10: Git 仓库状态
[0;32m[INFO][0m ✅ Git 仓库干净，无未提交更改
[0;32m[INFO][0m 检查 5/10: 依赖安全更新
[1;33m[WARN][0m 发现 0
0 个高危漏洞
[1;33m[WARN][0m 请手动运行: npm audit fix
[0;32m[INFO][0m 检查 6/10: 日志文件清理
[0;32m[INFO][0m ✅ 日志清理完成
[0;32m[INFO][0m 检查 7/10: 磁盘空间检查
[0;32m[INFO][0m ✅ 磁盘使用率 2%，正常
[0;32m[INFO][0m 检查 8/10: 内容更新检查
[0;32m[INFO][0m ✅ 无新文章待发布
[0;32m[INFO][0m 检查 9/10: 生成巡检报告
[0;32m[INFO][0m ✅ 报告已生成: /Users/openmilo/clawall/claw-team/claw-admin/logs/summary-2026-02-27.md
[0;32m[INFO][0m 检查 10/10: 发送巡检通知
[0;31m[ERROR][0m ⚠️  巡检完成，发现异常需要处理
========================================
巡检维护完成时间: 12:00:07
========================================
========================================
OpenClaw 网站每日巡检维护
日期: 2026-02-27 13:00:00
执行者: claw-admin (自动化)
========================================
[0;32m[INFO][0m 检查 1/10: 网站服务状态
[0;31m[ERROR][0m ❌ 网站服务未运行，尝试重启...
[0;31m[ERROR][0m ❌ 网站服务重启失败，需要人工介入
[0;32m[INFO][0m 检查 2/10: 关键页面访问
[0;31m[ERROR][0m ❌ http://localhost:3000/ - HTTP 000
[0;31m[ERROR][0m ❌ http://localhost:3000/docs - HTTP 000
[0;31m[ERROR][0m ❌ http://localhost:3000/blog - HTTP 000
[0;31m[ERROR][0m ❌ http://localhost:3000/about - HTTP 000
[0;31m[ERROR][0m ❌ http://localhost:3000/docs/quickstart - HTTP 000
[0;31m[ERROR][0m ❌ http://localhost:3000/docs/install - HTTP 000
[1;33m[WARN][0m 发现 6 个页面异常
[0;32m[INFO][0m 检查 3/10: 网站构建测试
[0;31m[ERROR][0m ❌ 网站构建失败
[0;31m[ERROR][0m 构建日志: /tmp/build-test.log
[0;32m[INFO][0m 检查 4/10: Git 仓库状态
[0;32m[INFO][0m ✅ Git 仓库干净，无未提交更改
[0;32m[INFO][0m 检查 5/10: 依赖安全更新
[1;33m[WARN][0m 发现 0
0 个高危漏洞
[1;33m[WARN][0m 请手动运行: npm audit fix
[0;32m[INFO][0m 检查 6/10: 日志文件清理
[0;32m[INFO][0m ✅ 日志清理完成
[0;32m[INFO][0m 检查 7/10: 磁盘空间检查
[0;32m[INFO][0m ✅ 磁盘使用率 2%，正常
[0;32m[INFO][0m 检查 8/10: 内容更新检查
[0;32m[INFO][0m ✅ 无新文章待发布
[0;32m[INFO][0m 检查 9/10: 生成巡检报告
[0;32m[INFO][0m ✅ 报告已生成: /Users/openmilo/clawall/claw-team/claw-admin/logs/summary-2026-02-27.md
[0;32m[INFO][0m 检查 10/10: 发送巡检通知
[0;31m[ERROR][0m ⚠️  巡检完成，发现异常需要处理
========================================
巡检维护完成时间: 13:00:07
========================================
========================================
OpenClaw 网站每日巡检维护
日期: 2026-02-27 14:00:00
执行者: claw-admin (自动化)
========================================
[0;32m[INFO][0m 检查 1/10: 网站服务状态
[0;31m[ERROR][0m ❌ 网站服务未运行，尝试重启...
[0;31m[ERROR][0m ❌ 网站服务重启失败，需要人工介入
[0;32m[INFO][0m 检查 2/10: 关键页面访问
[0;31m[ERROR][0m ❌ http://localhost:3000/ - HTTP 000
[0;31m[ERROR][0m ❌ http://localhost:3000/docs - HTTP 000
[0;31m[ERROR][0m ❌ http://localhost:3000/blog - HTTP 000
[0;31m[ERROR][0m ❌ http://localhost:3000/about - HTTP 000
[0;31m[ERROR][0m ❌ http://localhost:3000/docs/quickstart - HTTP 000
[0;31m[ERROR][0m ❌ http://localhost:3000/docs/install - HTTP 000
[1;33m[WARN][0m 发现 6 个页面异常
[0;32m[INFO][0m 检查 3/10: 网站构建测试
[0;31m[ERROR][0m ❌ 网站构建失败
[0;31m[ERROR][0m 构建日志: /tmp/build-test.log
[0;32m[INFO][0m 检查 4/10: Git 仓库状态
[0;32m[INFO][0m ✅ Git 仓库干净，无未提交更改
[0;32m[INFO][0m 检查 5/10: 依赖安全更新
[1;33m[WARN][0m 发现 0
0 个高危漏洞
[1;33m[WARN][0m 请手动运行: npm audit fix
[0;32m[INFO][0m 检查 6/10: 日志文件清理
[0;32m[INFO][0m ✅ 日志清理完成
[0;32m[INFO][0m 检查 7/10: 磁盘空间检查
[0;32m[INFO][0m ✅ 磁盘使用率 2%，正常
[0;32m[INFO][0m 检查 8/10: 内容更新检查
[0;32m[INFO][0m ✅ 无新文章待发布
[0;32m[INFO][0m 检查 9/10: 生成巡检报告
[0;32m[INFO][0m ✅ 报告已生成: /Users/openmilo/clawall/claw-team/claw-admin/logs/summary-2026-02-27.md
[0;32m[INFO][0m 检查 10/10: 发送巡检通知
[0;31m[ERROR][0m ⚠️  巡检完成，发现异常需要处理
========================================
巡检维护完成时间: 14:00:08
========================================
========================================
OpenClaw 网站每日巡检维护
日期: 2026-02-27 15:00:01
执行者: claw-admin (自动化)
========================================
[0;32m[INFO][0m 检查 1/10: 网站服务状态
[0;31m[ERROR][0m ❌ 网站服务未运行，尝试重启...
[0;31m[ERROR][0m ❌ 网站服务重启失败，需要人工介入
[0;32m[INFO][0m 检查 2/10: 关键页面访问
[0;31m[ERROR][0m ❌ http://localhost:3000/ - HTTP 000
[0;31m[ERROR][0m ❌ http://localhost:3000/docs - HTTP 000
[0;31m[ERROR][0m ❌ http://localhost:3000/blog - HTTP 000
[0;31m[ERROR][0m ❌ http://localhost:3000/about - HTTP 000
[0;31m[ERROR][0m ❌ http://localhost:3000/docs/quickstart - HTTP 000
[0;31m[ERROR][0m ❌ http://localhost:3000/docs/install - HTTP 000
[1;33m[WARN][0m 发现 6 个页面异常
[0;32m[INFO][0m 检查 3/10: 网站构建测试
[0;31m[ERROR][0m ❌ 网站构建失败
[0;31m[ERROR][0m 构建日志: /tmp/build-test.log
[0;32m[INFO][0m 检查 4/10: Git 仓库状态
[0;32m[INFO][0m ✅ Git 仓库干净，无未提交更改
[0;32m[INFO][0m 检查 5/10: 依赖安全更新
[1;33m[WARN][0m 发现 0
0 个高危漏洞
[1;33m[WARN][0m 请手动运行: npm audit fix
[0;32m[INFO][0m 检查 6/10: 日志文件清理
[0;32m[INFO][0m ✅ 日志清理完成
[0;32m[INFO][0m 检查 7/10: 磁盘空间检查
[0;32m[INFO][0m ✅ 磁盘使用率 2%，正常
[0;32m[INFO][0m 检查 8/10: 内容更新检查
[0;32m[INFO][0m ✅ 无新文章待发布
[0;32m[INFO][0m 检查 9/10: 生成巡检报告
[0;32m[INFO][0m ✅ 报告已生成: /Users/openmilo/clawall/claw-team/claw-admin/logs/summary-2026-02-27.md
[0;32m[INFO][0m 检查 10/10: 发送巡检通知
[0;31m[ERROR][0m ⚠️  巡检完成，发现异常需要处理
========================================
巡检维护完成时间: 15:00:08
========================================
========== OpenClaw 网站维护任务 ==========
开始时间: Fri Feb 27 15:18:02 CST 2026

[0;32m[INFO][0m 1. 检查本地网站构建状态...

> openclaw-docs@1.0.0 build
> next build

 ⚠ Warning: Next.js inferred your workspace root, but it may not be correct.
 We detected multiple lockfiles and selected the directory of /Users/openmilo/clawall/claw-team/claw-code/workspace/package-lock.json as the root directory.
 To silence this warning, set `outputFileTracingRoot` in your Next.js config, or consider removing one of the lockfiles if it's not needed.
   See https://nextjs.org/docs/app/api-reference/config/next-config-js/output#caveats for more information.
 Detected additional lockfiles: 
   * /Users/openmilo/clawall/claw-team/claw-code/workspace/website/package-lock.json

   ▲ Next.js 15.5.12

   Creating an optimized production build ...
 ✓ Compiled successfully in 938ms
   Linting and checking validity of types ...
   Collecting page data ...
   Generating static pages (0/31) ...
   Generating static pages (7/31) 
   Generating static pages (15/31) 
   Generating static pages (23/31) 
 ✓ Generating static pages (31/31)
   Finalizing page optimization ...
   Collecting build traces ...
   Exporting (0/2) ...
 ✓ Exporting (2/2)

Route (app)                                 Size  First Load JS
┌ ○ /                                      175 B         106 kB
├ ○ /_not-found                            997 B         103 kB
├ ○ /about                                 163 B         102 kB
├ ○ /blog                                  175 B         106 kB
├ ● /blog/[slug]                           175 B         106 kB
├   ├ /blog/telegram-bot-complete-guide
├   ├ /blog/openclaw-complete-guide
├   ├ /blog/telegram-quickstart
├   └ [+3 more paths]
├ ○ /changelog                             163 B         102 kB
├ ○ /docs                                  175 B         106 kB
├ ○ /docs/advanced                         163 B         102 kB
├ ○ /docs/channels                         175 B         106 kB
├ ○ /docs/channels/discord                 163 B         102 kB
├ ○ /docs/channels/imessage                163 B         102 kB
├ ○ /docs/channels/signal                  163 B         102 kB
├ ○ /docs/channels/slack                   163 B         102 kB
├ ○ /docs/channels/telegram                163 B         102 kB
├ ○ /docs/channels/whatsapp                163 B         102 kB
├ ○ /docs/config                           163 B         102 kB
├ ○ /docs/config/providers                 163 B         102 kB
├ ○ /docs/config/sessions                  163 B         102 kB
├ ○ /docs/install                          163 B         102 kB
├ ○ /docs/intro                            163 B         102 kB
├ ○ /docs/quickstart                       175 B         106 kB
├ ○ /docs/security                         163 B         102 kB
├ ○ /docs/tools                            163 B         102 kB
└ ○ /docs/troubleshooting                  163 B         102 kB
+ First Load JS shared by all             102 kB
  ├ chunks/255-102f2e5b2e3dc2ef.js       46.1 kB
  ├ chunks/4bd1b696-c023c6e3521b1417.js  54.2 kB
  └ other shared chunks (total)          1.92 kB


○  (Static)  prerendered as static content
●  (SSG)     prerendered as static HTML (uses generateStaticParams)

[0;32m[INFO][0m ✅ 本地构建成功
[0;32m[INFO][0m 2. 部署到生产服务器...
[0;32m[INFO][0m ✅ 部署成功
[0;32m[INFO][0m 3. 检查服务器网站状态...
[0;32m[INFO][0m ✅ 网站访问正常 (HTTP 200)
[0;32m[INFO][0m 4. 检查并同步 Git...
[main 270494e7] auto: daily maintenance 2026-02-27
 99 files changed, 1139 insertions(+), 8403 deletions(-)
 create mode 100644 app/blog/articles/openclaw-memory-system-deep-dive.mdx
 create mode 100644 app/blog/articles/openclaw-skills-guide.mdx
 rename dist/_next/static/{XZnRXFJfTxLWWuSN_W77Y => EiMDZ7hwwXkFX4zwNP59K}/_buildManifest.js (100%)
 rename dist/_next/static/{XZnRXFJfTxLWWuSN_W77Y => EiMDZ7hwwXkFX4zwNP59K}/_ssgManifest.js (100%)
 delete mode 100644 dist/app-build-manifest.json
 create mode 100644 dist/blog/openclaw-skills-guide/index.html
 create mode 100644 dist/blog/openclaw-skills-guide/index.txt
 delete mode 100644 dist/build-manifest.json
 delete mode 100644 dist/cache/webpack/client-development/0.pack.gz
 delete mode 100644 dist/cache/webpack/client-development/1.pack.gz
 delete mode 100644 dist/cache/webpack/client-development/index.pack.gz
 delete mode 100644 dist/cache/webpack/client-development/index.pack.gz.old
 delete mode 100644 dist/cache/webpack/server-development/0.pack.gz
 delete mode 100644 dist/cache/webpack/server-development/index.pack.gz
 delete mode 100644 dist/react-loadable-manifest.json
 delete mode 100644 dist/server/_error.js
 delete mode 100644 dist/server/app-paths-manifest.json
 delete mode 100644 dist/server/app/docs/quickstart/page_client-reference-manifest.js
 delete mode 100644 dist/server/app/page.js
 delete mode 100644 dist/server/app/page_client-reference-manifest.js
 delete mode 100644 dist/server/middleware-build-manifest.js
 delete mode 100644 dist/server/middleware-react-loadable-manifest.js
 delete mode 100644 dist/server/next-font-manifest.js
 delete mode 100644 dist/server/next-font-manifest.json
 delete mode 100644 dist/server/pages-manifest.json
 delete mode 100644 dist/server/server-reference-manifest.js
 delete mode 100644 dist/server/server-reference-manifest.json
 delete mode 100644 dist/server/vendor-chunks/@swc.js
 delete mode 100644 dist/server/vendor-chunks/lucide-react.js
 delete mode 100644 dist/server/vendor-chunks/next.js
 delete mode 100644 dist/server/webpack-runtime.js
 delete mode 100644 dist/static/chunks/_error.js
 delete mode 100644 dist/static/chunks/webpack.js
 delete mode 100644 dist/static/development/_buildManifest.js
 delete mode 100644 dist/static/development/_ssgManifest.js
 delete mode 100644 dist/static/webpack/8257ef920273ccb8.webpack.hot-update.json
 delete mode 100644 dist/static/webpack/webpack.8257ef920273ccb8.hot-update.js
 delete mode 100644 dist/types/app/layout.ts
 delete mode 100644 dist/types/app/page.ts
 delete mode 100644 dist/types/cache-life.d.ts
 delete mode 100644 dist/types/package.json
To github.com:luoboask/openclaw-tutorial.git
   11fc7690..270494e7  main -> main
[0;32m[INFO][0m ✅ Git 推送成功
[0;32m[INFO][0m 5. 运行安全检查...
# npm audit report

ajv  <6.14.0
Severity: moderate
ajv has ReDoS when using `$data` option - https://github.com/advisories/GHSA-2g4f-4pwh-qvx6
fix available via `npm audit fix`
node_modules/ajv

minimatch  <=3.1.3 || 9.0.0 - 9.0.6
Severity: high
minimatch has a ReDoS via repeated wildcards with non-matching literal in pattern - https://github.com/advisories/GHSA-3ppc-4f35-3m26
minimatch has a ReDoS via repeated wildcards with non-matching literal in pattern - https://github.com/advisories/GHSA-3ppc-4f35-3m26
minimatch has ReDoS: matchOne() combinatorial backtracking via multiple non-adjacent GLOBSTAR segments - https://github.com/advisories/GHSA-7r86-cg39-jmmj
minimatch has ReDoS: matchOne() combinatorial backtracking via multiple non-adjacent GLOBSTAR segments - https://github.com/advisories/GHSA-7r86-cg39-jmmj
minimatch ReDoS: nested *() extglobs generate catastrophically backtracking regular expressions - https://github.com/advisories/GHSA-23c5-xmqv-rm74
minimatch ReDoS: nested *() extglobs generate catastrophically backtracking regular expressions - https://github.com/advisories/GHSA-23c5-xmqv-rm74
fix available via `npm audit fix`
node_modules/@typescript-eslint/typescript-estree/node_modules/minimatch
node_modules/minimatch

2 vulnerabilities (1 moderate, 1 high)

To address all issues, run:
  npm audit fix
[1;33m[WARN][0m ⚠️ 发现安全漏洞，请检查日志
[0;32m[INFO][0m 6. 检查磁盘空间...
[0;32m[INFO][0m ✅ 磁盘空间充足: 2%
[0;32m[INFO][0m 7. 清理旧日志...
[0;32m[INFO][0m ✅ 已清理 30 天前的日志

结束时间: Fri Feb 27 15:18:26 CST 2026
==========================================

[0;32m[INFO][0m 维护任务完成！
[0;32m[INFO][0m 摘要: /Users/openmilo/clawall/claw-team/claw-admin/logs/summary-2026-02-27.md
[0;32m[INFO][0m 日志: /Users/openmilo/clawall/claw-team/claw-admin/logs/maintenance-2026-02-27.log
========== OpenClaw 网站维护任务 ==========
开始时间: Fri Feb 27 16:00:00 CST 2026

[0;32m[INFO][0m 1. 检查本地网站构建状态...
/Users/openmilo/clawall/claw-team/claw-admin/scripts/daily-maintenance.sh: line 56: npm: command not found
[0;31m[ERROR][0m ❌ 本地构建失败
========== OpenClaw 网站维护任务 ==========
开始时间: Fri Feb 27 17:00:00 CST 2026

[0;32m[INFO][0m 1. 检查本地网站构建状态...
/Users/openmilo/clawall/claw-team/claw-admin/scripts/daily-maintenance.sh: line 56: npm: command not found
[0;31m[ERROR][0m ❌ 本地构建失败
========== OpenClaw 网站维护任务 ==========
开始时间: Fri Feb 27 18:00:00 CST 2026

[0;32m[INFO][0m 1. 检查本地网站构建状态...
/Users/openmilo/clawall/claw-team/claw-admin/scripts/daily-maintenance.sh: line 56: npm: command not found
[0;31m[ERROR][0m ❌ 本地构建失败
========== OpenClaw 网站维护任务 ==========
开始时间: Fri Feb 27 19:00:00 CST 2026

[0;32m[INFO][0m 1. 检查本地网站构建状态...
/Users/openmilo/clawall/claw-team/claw-admin/scripts/daily-maintenance.sh: line 56: npm: command not found
[0;31m[ERROR][0m ❌ 本地构建失败
