========== OpenClaw 网站维护任务 ==========
开始时间: Sat Feb 28 00:00:00 CST 2026

[0;32m[INFO][0m 1. 检查本地网站构建状态...
/Users/openmilo/clawall/claw-team/claw-admin/scripts/daily-maintenance.sh: line 56: npm: command not found
[0;31m[ERROR][0m ❌ 本地构建失败
========== OpenClaw 网站维护任务 ==========
开始时间: Sat Feb 28 01:00:00 CST 2026

[0;32m[INFO][0m 1. 检查本地网站构建状态...
/Users/openmilo/clawall/claw-team/claw-admin/scripts/daily-maintenance.sh: line 56: npm: command not found
[0;31m[ERROR][0m ❌ 本地构建失败
========== OpenClaw 网站维护任务 ==========
开始时间: Sat Feb 28 02:00:00 CST 2026

[0;32m[INFO][0m 1. 检查本地网站构建状态...
/Users/openmilo/clawall/claw-team/claw-admin/scripts/daily-maintenance.sh: line 56: npm: command not found
[0;31m[ERROR][0m ❌ 本地构建失败
========== OpenClaw 网站维护任务 ==========
开始时间: Sat Feb 28 03:00:00 CST 2026

[0;32m[INFO][0m 1. 检查本地网站构建状态...
/Users/openmilo/clawall/claw-team/claw-admin/scripts/daily-maintenance.sh: line 56: npm: command not found
[0;31m[ERROR][0m ❌ 本地构建失败
========== OpenClaw 网站维护任务 ==========
开始时间: Sat Feb 28 04:00:00 CST 2026

[0;32m[INFO][0m 1. 检查本地网站构建状态...
/Users/openmilo/clawall/claw-team/claw-admin/scripts/daily-maintenance.sh: line 56: npm: command not found
[0;31m[ERROR][0m ❌ 本地构建失败
========== OpenClaw 网站维护任务 ==========
开始时间: Sat Feb 28 05:00:01 CST 2026

[0;32m[INFO][0m 1. 检查本地网站构建状态...
/Users/openmilo/clawall/claw-team/claw-admin/scripts/daily-maintenance.sh: line 56: npm: command not found
[0;31m[ERROR][0m ❌ 本地构建失败
========== OpenClaw 网站维护任务 ==========
开始时间: Sat Feb 28 06:00:01 CST 2026

[0;32m[INFO][0m 1. 检查本地网站构建状态...
/Users/openmilo/clawall/claw-team/claw-admin/scripts/daily-maintenance.sh: line 56: npm: command not found
[0;31m[ERROR][0m ❌ 本地构建失败
========== OpenClaw 网站维护任务 ==========
开始时间: Sat Feb 28 07:00:00 CST 2026

[0;32m[INFO][0m 1. 检查本地网站构建状态...
/Users/openmilo/clawall/claw-team/claw-admin/scripts/daily-maintenance.sh: line 56: npm: command not found
[0;31m[ERROR][0m ❌ 本地构建失败
========== OpenClaw 网站维护任务 ==========
开始时间: Sat Feb 28 08:00:00 CST 2026

[0;32m[INFO][0m 1. 检查本地网站构建状态...
/Users/openmilo/clawall/claw-team/claw-admin/scripts/daily-maintenance.sh: line 56: npm: command not found
[0;31m[ERROR][0m ❌ 本地构建失败
========== OpenClaw 网站维护任务 ==========
开始时间: Sat Feb 28 09:00:00 CST 2026

[0;32m[INFO][0m 1. 检查本地网站构建状态...
/Users/openmilo/clawall/claw-team/claw-admin/scripts/daily-maintenance.sh: line 56: npm: command not found
========== OpenClaw 网站维护任务 ==========
[0;31m[ERROR][0m ❌ 本地构建失败
开始时间: Sat Feb 28 09:00:00 CST 2026

[0;32m[INFO][0m 1. 检查本地网站构建状态...
/Users/openmilo/clawall/claw-team/claw-admin/scripts/daily-maintenance.sh: line 56: npm: command not found
[0;31m[ERROR][0m ❌ 本地构建失败
========== OpenClaw 网站维护任务 ==========
开始时间: Sat Feb 28 10:00:00 CST 2026

[0;32m[INFO][0m 1. 检查本地网站构建状态...
/Users/openmilo/clawall/claw-team/claw-admin/scripts/daily-maintenance.sh: line 56: npm: command not found
[0;31m[ERROR][0m ❌ 本地构建失败
========== OpenClaw 网站维护任务 ==========
开始时间: Sat Feb 28 11:00:00 CST 2026

[0;32m[INFO][0m 1. 检查本地网站构建状态...
/Users/openmilo/clawall/claw-team/claw-admin/scripts/daily-maintenance.sh: line 56: npm: command not found
[0;31m[ERROR][0m ❌ 本地构建失败
========== OpenClaw 网站维护任务 ==========
开始时间: Sat Feb 28 12:00:00 CST 2026

[0;32m[INFO][0m 1. 检查本地网站构建状态...
/Users/openmilo/clawall/claw-team/claw-admin/scripts/daily-maintenance.sh: line 56: npm: command not found
[0;31m[ERROR][0m ❌ 本地构建失败
========== OpenClaw 网站维护任务 ==========
开始时间: Sat Feb 28 13:00:00 CST 2026

[0;32m[INFO][0m 1. 检查本地网站构建状态...
/Users/openmilo/clawall/claw-team/claw-admin/scripts/daily-maintenance.sh: line 56: npm: command not found
[0;31m[ERROR][0m ❌ 本地构建失败
========== OpenClaw 网站维护任务 ==========
开始时间: Sat Feb 28 14:00:00 CST 2026

[0;32m[INFO][0m 1. 检查本地网站构建状态...
/Users/openmilo/clawall/claw-team/claw-admin/scripts/daily-maintenance.sh: line 56: npm: command not found
[0;31m[ERROR][0m ❌ 本地构建失败
========== OpenClaw 网站维护任务 ==========
开始时间: Sat Feb 28 15:00:00 CST 2026

[0;32m[INFO][0m 1. 检查本地网站构建状态...
/Users/openmilo/clawall/claw-team/claw-admin/scripts/daily-maintenance.sh: line 56: npm: command not found
[0;31m[ERROR][0m ❌ 本地构建失败
========== OpenClaw 网站维护任务 ==========
开始时间: Sat Feb 28 16:00:00 CST 2026

[0;32m[INFO][0m 1. 检查本地网站构建状态...
/Users/openmilo/clawall/claw-team/claw-admin/scripts/daily-maintenance.sh: line 56: npm: command not found
[0;31m[ERROR][0m ❌ 本地构建失败
========== OpenClaw 网站维护任务 ==========
开始时间: Sat Feb 28 17:00:00 CST 2026

[0;32m[INFO][0m 1. 检查本地网站构建状态...
/Users/openmilo/clawall/claw-team/claw-admin/scripts/daily-maintenance.sh: line 56: npm: command not found
[0;31m[ERROR][0m ❌ 本地构建失败
